<?xml version="1.0" encoding="UTF-8"?>
<testng-results skipped="31" failed="0" total="32" passed="1">
  <reporter-output>
  </reporter-output>
  <suite name="WebMailHostopiaRegression" duration-ms="117798" started-at="2018-08-07T16:56:36Z" finished-at="2018-08-07T16:58:33Z">
    <groups>
      <group name="Regression">
        <method signature="WebMailHostpiaRegressionTests.labelsLanguageTestInPreferenceACcountSecurityTab()[pri:0, instance:com.webmailhostopia.tests.WebMailHostpiaRegressionTests@55433567]" name="labelsLanguageTestInPreferenceACcountSecurityTab" class="com.webmailhostopia.tests.WebMailHostpiaRegressionTests"/>
        <method signature="WebMailHostpiaRegressionTests.labelsLanguageTestInPreferenceAccountsTab()[pri:0, instance:com.webmailhostopia.tests.WebMailHostpiaRegressionTests@55433567]" name="labelsLanguageTestInPreferenceAccountsTab" class="com.webmailhostopia.tests.WebMailHostpiaRegressionTests"/>
        <method signature="WebMailHostpiaRegressionTests.labelsLanguageTestInPreferenceAdvancedTab()[pri:0, instance:com.webmailhostopia.tests.WebMailHostpiaRegressionTests@55433567]" name="labelsLanguageTestInPreferenceAdvancedTab" class="com.webmailhostopia.tests.WebMailHostpiaRegressionTests"/>
        <method signature="WebMailHostpiaRegressionTests.labelsLanguageTestInPreferenceAutoRulesTab()[pri:0, instance:com.webmailhostopia.tests.WebMailHostpiaRegressionTests@55433567]" name="labelsLanguageTestInPreferenceAutoRulesTab" class="com.webmailhostopia.tests.WebMailHostpiaRegressionTests"/>
        <method signature="WebMailHostpiaRegressionTests.labelsLanguageTestInPreferenceCalendarGeneralTab()[pri:0, instance:com.webmailhostopia.tests.WebMailHostpiaRegressionTests@55433567]" name="labelsLanguageTestInPreferenceCalendarGeneralTab" class="com.webmailhostopia.tests.WebMailHostpiaRegressionTests"/>
        <method signature="WebMailHostpiaRegressionTests.labelsLanguageTestInPreferenceDataUsageTab()[pri:0, instance:com.webmailhostopia.tests.WebMailHostpiaRegressionTests@55433567]" name="labelsLanguageTestInPreferenceDataUsageTab" class="com.webmailhostopia.tests.WebMailHostpiaRegressionTests"/>
        <method signature="WebMailHostpiaRegressionTests.labelsLanguageTestInPreferenceGeneralTab()[pri:0, instance:com.webmailhostopia.tests.WebMailHostpiaRegressionTests@55433567]" name="labelsLanguageTestInPreferenceGeneralTab" class="com.webmailhostopia.tests.WebMailHostpiaRegressionTests"/>
        <method signature="WebMailHostpiaRegressionTests.labelsLanguageTestInPreferenceHighlightingTab()[pri:0, instance:com.webmailhostopia.tests.WebMailHostpiaRegressionTests@55433567]" name="labelsLanguageTestInPreferenceHighlightingTab" class="com.webmailhostopia.tests.WebMailHostpiaRegressionTests"/>
        <method signature="WebMailHostpiaRegressionTests.labelsLanguageTestInPreferenceImageRulesTab()[pri:0, instance:com.webmailhostopia.tests.WebMailHostpiaRegressionTests@55433567]" name="labelsLanguageTestInPreferenceImageRulesTab" class="com.webmailhostopia.tests.WebMailHostpiaRegressionTests"/>
        <method signature="WebMailHostpiaRegressionTests.labelsLanguageTestInPreferenceMessageFilterTab()[pri:0, instance:com.webmailhostopia.tests.WebMailHostpiaRegressionTests@55433567]" name="labelsLanguageTestInPreferenceMessageFilterTab" class="com.webmailhostopia.tests.WebMailHostpiaRegressionTests"/>
        <method signature="WebMailHostpiaRegressionTests.labelsLanguageTestInPreferenceMobileGeneralTab()[pri:0, instance:com.webmailhostopia.tests.WebMailHostpiaRegressionTests@55433567]" name="labelsLanguageTestInPreferenceMobileGeneralTab" class="com.webmailhostopia.tests.WebMailHostpiaRegressionTests"/>
        <method signature="WebMailHostpiaRegressionTests.labelsLanguageTestInPreferencePGPKeysTab()[pri:0, instance:com.webmailhostopia.tests.WebMailHostpiaRegressionTests@55433567]" name="labelsLanguageTestInPreferencePGPKeysTab" class="com.webmailhostopia.tests.WebMailHostpiaRegressionTests"/>
        <method signature="WebMailHostpiaRegressionTests.labelsLanguageTestInPreferencePopImapTab()[pri:0, instance:com.webmailhostopia.tests.WebMailHostpiaRegressionTests@55433567]" name="labelsLanguageTestInPreferencePopImapTab" class="com.webmailhostopia.tests.WebMailHostpiaRegressionTests"/>
        <method signature="WebMailHostpiaRegressionTests.labelsLanguageTestInPreferenceSignaturesTab()[pri:0, instance:com.webmailhostopia.tests.WebMailHostpiaRegressionTests@55433567]" name="labelsLanguageTestInPreferenceSignaturesTab" class="com.webmailhostopia.tests.WebMailHostpiaRegressionTests"/>
        <method signature="WebMailHostpiaRegressionTests.labelsLanguageTestInPreferenceSpamTab()[pri:0, instance:com.webmailhostopia.tests.WebMailHostpiaRegressionTests@55433567]" name="labelsLanguageTestInPreferenceSpamTab" class="com.webmailhostopia.tests.WebMailHostpiaRegressionTests"/>
        <method signature="WebMailHostpiaRegressionTests.verifyBriefCaseSectionLabels()[pri:0, instance:com.webmailhostopia.tests.WebMailHostpiaRegressionTests@55433567]" name="verifyBriefCaseSectionLabels" class="com.webmailhostopia.tests.WebMailHostpiaRegressionTests"/>
        <method signature="WebMailHostpiaRegressionTests.verifyCalSectionEventCreationLabels()[pri:0, instance:com.webmailhostopia.tests.WebMailHostpiaRegressionTests@55433567]" name="verifyCalSectionEventCreationLabels" class="com.webmailhostopia.tests.WebMailHostpiaRegressionTests"/>
        <method signature="WebMailHostpiaRegressionTests.verifyCalSectionLabels()[pri:0, instance:com.webmailhostopia.tests.WebMailHostpiaRegressionTests@55433567]" name="verifyCalSectionLabels" class="com.webmailhostopia.tests.WebMailHostpiaRegressionTests"/>
        <method signature="WebMailHostpiaRegressionTests.verifyCalSectionRepeatEventCreationLabels()[pri:0, instance:com.webmailhostopia.tests.WebMailHostpiaRegressionTests@55433567]" name="verifyCalSectionRepeatEventCreationLabels" class="com.webmailhostopia.tests.WebMailHostpiaRegressionTests"/>
        <method signature="WebMailHostpiaRegressionTests.verifyContactSectionLabels()[pri:0, instance:com.webmailhostopia.tests.WebMailHostpiaRegressionTests@55433567]" name="verifyContactSectionLabels" class="com.webmailhostopia.tests.WebMailHostpiaRegressionTests"/>
        <method signature="WebMailHostpiaRegressionTests.verifyCreateAddressBookSectionLabels()[pri:0, instance:com.webmailhostopia.tests.WebMailHostpiaRegressionTests@55433567]" name="verifyCreateAddressBookSectionLabels" class="com.webmailhostopia.tests.WebMailHostpiaRegressionTests"/>
        <method signature="WebMailHostpiaRegressionTests.verifyCreateContactSectionLabels()[pri:0, instance:com.webmailhostopia.tests.WebMailHostpiaRegressionTests@55433567]" name="verifyCreateContactSectionLabels" class="com.webmailhostopia.tests.WebMailHostpiaRegressionTests"/>
        <method signature="WebMailHostpiaRegressionTests.verifyForgotPageSectionLabels()[pri:0, instance:com.webmailhostopia.tests.WebMailHostpiaRegressionTests@55433567]" name="verifyForgotPageSectionLabels" class="com.webmailhostopia.tests.WebMailHostpiaRegressionTests"/>
        <method signature="WebMailHostpiaRegressionTests.verifyLoginPageMessageLabels()[pri:0, instance:com.webmailhostopia.tests.WebMailHostpiaRegressionTests@55433567]" name="verifyLoginPageMessageLabels" class="com.webmailhostopia.tests.WebMailHostpiaRegressionTests"/>
        <method signature="WebMailHostpiaRegressionTests.verifyMailSectionLabels()[pri:0, instance:com.webmailhostopia.tests.WebMailHostpiaRegressionTests@55433567]" name="verifyMailSectionLabels" class="com.webmailhostopia.tests.WebMailHostpiaRegressionTests"/>
        <method signature="WebMailHostpiaRegressionTests.verifyNewGroupSectionLabels()[pri:0, instance:com.webmailhostopia.tests.WebMailHostpiaRegressionTests@55433567]" name="verifyNewGroupSectionLabels" class="com.webmailhostopia.tests.WebMailHostpiaRegressionTests"/>
        <method signature="WebMailHostpiaRegressionTests.verifySocialSectionLabels()[pri:0, instance:com.webmailhostopia.tests.WebMailHostpiaRegressionTests@55433567]" name="verifySocialSectionLabels" class="com.webmailhostopia.tests.WebMailHostpiaRegressionTests"/>
        <method signature="WebMailHostpiaRegressionTests.verifySubscribeAddressBookSectionLabels()[pri:0, instance:com.webmailhostopia.tests.WebMailHostpiaRegressionTests@55433567]" name="verifySubscribeAddressBookSectionLabels" class="com.webmailhostopia.tests.WebMailHostpiaRegressionTests"/>
        <method signature="WebMailHostpiaRegressionTests.verifyTaskCreationpageSectionLabels()[pri:0, instance:com.webmailhostopia.tests.WebMailHostpiaRegressionTests@55433567]" name="verifyTaskCreationpageSectionLabels" class="com.webmailhostopia.tests.WebMailHostpiaRegressionTests"/>
        <method signature="WebMailHostpiaRegressionTests.verifyTaskpageSectionLabels()[pri:0, instance:com.webmailhostopia.tests.WebMailHostpiaRegressionTests@55433567]" name="verifyTaskpageSectionLabels" class="com.webmailhostopia.tests.WebMailHostpiaRegressionTests"/>
        <method signature="WebMailHostpiaRegressionTests.verifylougtnloginSectionLabels()[pri:0, instance:com.webmailhostopia.tests.WebMailHostpiaRegressionTests@55433567]" name="verifylougtnloginSectionLabels" class="com.webmailhostopia.tests.WebMailHostpiaRegressionTests"/>
        <method signature="WebMailHostpiaRegressionTests.webMailLoginTest()[pri:0, instance:com.webmailhostopia.tests.WebMailHostpiaRegressionTests@55433567]" name="webMailLoginTest" class="com.webmailhostopia.tests.WebMailHostpiaRegressionTests"/>
      </group> <!-- Regression -->
    </groups>
    <test name="WebMailHostopiaRegressionTest" duration-ms="117798" started-at="2018-08-07T16:56:36Z" finished-at="2018-08-07T16:58:33Z">
      <class name="com.webmailhostopia.tests.WebMailHostpiaRegressionTests">
        <test-method status="PASS" signature="setup()[pri:0, instance:com.webmailhostopia.tests.WebMailHostpiaRegressionTests@55433567]" name="setup" is-config="true" duration-ms="3517" started-at="2018-08-07T22:26:36Z" finished-at="2018-08-07T22:26:39Z">
          <reporter-output>
          </reporter-output>
        </test-method> <!-- setup -->
        <test-method status="PASS" signature="webMailLoginTest()[pri:0, instance:com.webmailhostopia.tests.WebMailHostpiaRegressionTests@55433567]" name="webMailLoginTest" duration-ms="105211" started-at="2018-08-07T22:26:39Z" description="This is webmail login test with valid username and password" finished-at="2018-08-07T22:28:25Z">
          <reporter-output>
          </reporter-output>
        </test-method> <!-- webMailLoginTest -->
        <test-method status="SKIP" signature="verifySocialSectionLabels()[pri:0, instance:com.webmailhostopia.tests.WebMailHostpiaRegressionTests@55433567]" name="verifySocialSectionLabels" duration-ms="20" started-at="2018-08-07T22:28:25Z" description="This is webmail Socail Page Section Verification method" finished-at="2018-08-07T22:28:25Z">
          <exception class="org.testng.SkipException">
            <message>
              <![CDATA[Skipped test case :verifySocialSectionLabels]]>
            </message>
            <full-stacktrace>
              <![CDATA[org.testng.SkipException: Skipped test case :verifySocialSectionLabels
	at com.webmailhostopia.tests.WebMailHostpiaRegressionTests.verifySocialSectionLabels(WebMailHostpiaRegressionTests.java:95)
	at sun.reflect.NativeMethodAccessorImpl.invoke0(Native Method)
	at sun.reflect.NativeMethodAccessorImpl.invoke(NativeMethodAccessorImpl.java:57)
	at sun.reflect.DelegatingMethodAccessorImpl.invoke(DelegatingMethodAccessorImpl.java:43)
	at java.lang.reflect.Method.invoke(Method.java:601)
	at org.testng.internal.MethodInvocationHelper.invokeMethod(MethodInvocationHelper.java:80)
	at org.testng.internal.Invoker.invokeMethod(Invoker.java:714)
	at org.testng.internal.Invoker.invokeTestMethod(Invoker.java:901)
	at org.testng.internal.Invoker.invokeTestMethods(Invoker.java:1231)
	at org.testng.internal.TestMethodWorker.invokeTestMethods(TestMethodWorker.java:127)
	at org.testng.internal.TestMethodWorker.run(TestMethodWorker.java:111)
	at org.testng.TestRunner.privateRun(TestRunner.java:767)
	at org.testng.TestRunner.run(TestRunner.java:617)
	at org.testng.SuiteRunner.runTest(SuiteRunner.java:334)
	at org.testng.SuiteRunner.runSequentially(SuiteRunner.java:329)
	at org.testng.SuiteRunner.privateRun(SuiteRunner.java:291)
	at org.testng.SuiteRunner.run(SuiteRunner.java:240)
	at org.testng.SuiteRunnerWorker.runSuite(SuiteRunnerWorker.java:52)
	at org.testng.SuiteRunnerWorker.run(SuiteRunnerWorker.java:86)
	at org.testng.TestNG.runSuitesSequentially(TestNG.java:1198)
	at org.testng.TestNG.runSuitesLocally(TestNG.java:1123)
	at org.testng.TestNG.run(TestNG.java:1031)
	at org.testng.remote.AbstractRemoteTestNG.run(AbstractRemoteTestNG.java:114)
	at org.testng.remote.RemoteTestNG.initAndRun(RemoteTestNG.java:251)
	at org.testng.remote.RemoteTestNG.main(RemoteTestNG.java:77)
]]>
            </full-stacktrace>
          </exception> <!-- org.testng.SkipException -->
          <reporter-output>
          </reporter-output>
        </test-method> <!-- verifySocialSectionLabels -->
        <test-method status="SKIP" signature="verifyBriefCaseSectionLabels()[pri:0, instance:com.webmailhostopia.tests.WebMailHostpiaRegressionTests@55433567]" name="verifyBriefCaseSectionLabels" duration-ms="16" started-at="2018-08-07T22:28:25Z" description="This is webmail BriefCase Page Section Verification method" finished-at="2018-08-07T22:28:25Z">
          <exception class="org.testng.SkipException">
            <message>
              <![CDATA[Skipped test case : verifyBriefCaseSectionLabels]]>
            </message>
            <full-stacktrace>
              <![CDATA[org.testng.SkipException: Skipped test case : verifyBriefCaseSectionLabels
	at com.webmailhostopia.tests.WebMailHostpiaRegressionTests.verifyBriefCaseSectionLabels(WebMailHostpiaRegressionTests.java:111)
	at sun.reflect.NativeMethodAccessorImpl.invoke0(Native Method)
	at sun.reflect.NativeMethodAccessorImpl.invoke(NativeMethodAccessorImpl.java:57)
	at sun.reflect.DelegatingMethodAccessorImpl.invoke(DelegatingMethodAccessorImpl.java:43)
	at java.lang.reflect.Method.invoke(Method.java:601)
	at org.testng.internal.MethodInvocationHelper.invokeMethod(MethodInvocationHelper.java:80)
	at org.testng.internal.Invoker.invokeMethod(Invoker.java:714)
	at org.testng.internal.Invoker.invokeTestMethod(Invoker.java:901)
	at org.testng.internal.Invoker.invokeTestMethods(Invoker.java:1231)
	at org.testng.internal.TestMethodWorker.invokeTestMethods(TestMethodWorker.java:127)
	at org.testng.internal.TestMethodWorker.run(TestMethodWorker.java:111)
	at org.testng.TestRunner.privateRun(TestRunner.java:767)
	at org.testng.TestRunner.run(TestRunner.java:617)
	at org.testng.SuiteRunner.runTest(SuiteRunner.java:334)
	at org.testng.SuiteRunner.runSequentially(SuiteRunner.java:329)
	at org.testng.SuiteRunner.privateRun(SuiteRunner.java:291)
	at org.testng.SuiteRunner.run(SuiteRunner.java:240)
	at org.testng.SuiteRunnerWorker.runSuite(SuiteRunnerWorker.java:52)
	at org.testng.SuiteRunnerWorker.run(SuiteRunnerWorker.java:86)
	at org.testng.TestNG.runSuitesSequentially(TestNG.java:1198)
	at org.testng.TestNG.runSuitesLocally(TestNG.java:1123)
	at org.testng.TestNG.run(TestNG.java:1031)
	at org.testng.remote.AbstractRemoteTestNG.run(AbstractRemoteTestNG.java:114)
	at org.testng.remote.RemoteTestNG.initAndRun(RemoteTestNG.java:251)
	at org.testng.remote.RemoteTestNG.main(RemoteTestNG.java:77)
]]>
            </full-stacktrace>
          </exception> <!-- org.testng.SkipException -->
          <reporter-output>
          </reporter-output>
        </test-method> <!-- verifyBriefCaseSectionLabels -->
        <test-method status="SKIP" signature="verifyMailSectionLabels()[pri:0, instance:com.webmailhostopia.tests.WebMailHostpiaRegressionTests@55433567]" name="verifyMailSectionLabels" duration-ms="17" started-at="2018-08-07T22:28:25Z" description="This is webmail HomePage Section Verification method" finished-at="2018-08-07T22:28:25Z">
          <exception class="org.testng.SkipException">
            <message>
              <![CDATA[Skipped test case : verifyMailSectionLabels]]>
            </message>
            <full-stacktrace>
              <![CDATA[org.testng.SkipException: Skipped test case : verifyMailSectionLabels
	at com.webmailhostopia.tests.WebMailHostpiaRegressionTests.verifyMailSectionLabels(WebMailHostpiaRegressionTests.java:127)
	at sun.reflect.NativeMethodAccessorImpl.invoke0(Native Method)
	at sun.reflect.NativeMethodAccessorImpl.invoke(NativeMethodAccessorImpl.java:57)
	at sun.reflect.DelegatingMethodAccessorImpl.invoke(DelegatingMethodAccessorImpl.java:43)
	at java.lang.reflect.Method.invoke(Method.java:601)
	at org.testng.internal.MethodInvocationHelper.invokeMethod(MethodInvocationHelper.java:80)
	at org.testng.internal.Invoker.invokeMethod(Invoker.java:714)
	at org.testng.internal.Invoker.invokeTestMethod(Invoker.java:901)
	at org.testng.internal.Invoker.invokeTestMethods(Invoker.java:1231)
	at org.testng.internal.TestMethodWorker.invokeTestMethods(TestMethodWorker.java:127)
	at org.testng.internal.TestMethodWorker.run(TestMethodWorker.java:111)
	at org.testng.TestRunner.privateRun(TestRunner.java:767)
	at org.testng.TestRunner.run(TestRunner.java:617)
	at org.testng.SuiteRunner.runTest(SuiteRunner.java:334)
	at org.testng.SuiteRunner.runSequentially(SuiteRunner.java:329)
	at org.testng.SuiteRunner.privateRun(SuiteRunner.java:291)
	at org.testng.SuiteRunner.run(SuiteRunner.java:240)
	at org.testng.SuiteRunnerWorker.runSuite(SuiteRunnerWorker.java:52)
	at org.testng.SuiteRunnerWorker.run(SuiteRunnerWorker.java:86)
	at org.testng.TestNG.runSuitesSequentially(TestNG.java:1198)
	at org.testng.TestNG.runSuitesLocally(TestNG.java:1123)
	at org.testng.TestNG.run(TestNG.java:1031)
	at org.testng.remote.AbstractRemoteTestNG.run(AbstractRemoteTestNG.java:114)
	at org.testng.remote.RemoteTestNG.initAndRun(RemoteTestNG.java:251)
	at org.testng.remote.RemoteTestNG.main(RemoteTestNG.java:77)
]]>
            </full-stacktrace>
          </exception> <!-- org.testng.SkipException -->
          <reporter-output>
          </reporter-output>
        </test-method> <!-- verifyMailSectionLabels -->
        <test-method status="SKIP" signature="verifyCalSectionLabels()[pri:0, instance:com.webmailhostopia.tests.WebMailHostpiaRegressionTests@55433567]" name="verifyCalSectionLabels" duration-ms="13" started-at="2018-08-07T22:28:25Z" description="This is webmail CalendarPage Section Verification method" finished-at="2018-08-07T22:28:25Z">
          <exception class="org.testng.SkipException">
            <message>
              <![CDATA[Skipped test case : verifyCalSectionLabels]]>
            </message>
            <full-stacktrace>
              <![CDATA[org.testng.SkipException: Skipped test case : verifyCalSectionLabels
	at com.webmailhostopia.tests.WebMailHostpiaRegressionTests.verifyCalSectionLabels(WebMailHostpiaRegressionTests.java:145)
	at sun.reflect.NativeMethodAccessorImpl.invoke0(Native Method)
	at sun.reflect.NativeMethodAccessorImpl.invoke(NativeMethodAccessorImpl.java:57)
	at sun.reflect.DelegatingMethodAccessorImpl.invoke(DelegatingMethodAccessorImpl.java:43)
	at java.lang.reflect.Method.invoke(Method.java:601)
	at org.testng.internal.MethodInvocationHelper.invokeMethod(MethodInvocationHelper.java:80)
	at org.testng.internal.Invoker.invokeMethod(Invoker.java:714)
	at org.testng.internal.Invoker.invokeTestMethod(Invoker.java:901)
	at org.testng.internal.Invoker.invokeTestMethods(Invoker.java:1231)
	at org.testng.internal.TestMethodWorker.invokeTestMethods(TestMethodWorker.java:127)
	at org.testng.internal.TestMethodWorker.run(TestMethodWorker.java:111)
	at org.testng.TestRunner.privateRun(TestRunner.java:767)
	at org.testng.TestRunner.run(TestRunner.java:617)
	at org.testng.SuiteRunner.runTest(SuiteRunner.java:334)
	at org.testng.SuiteRunner.runSequentially(SuiteRunner.java:329)
	at org.testng.SuiteRunner.privateRun(SuiteRunner.java:291)
	at org.testng.SuiteRunner.run(SuiteRunner.java:240)
	at org.testng.SuiteRunnerWorker.runSuite(SuiteRunnerWorker.java:52)
	at org.testng.SuiteRunnerWorker.run(SuiteRunnerWorker.java:86)
	at org.testng.TestNG.runSuitesSequentially(TestNG.java:1198)
	at org.testng.TestNG.runSuitesLocally(TestNG.java:1123)
	at org.testng.TestNG.run(TestNG.java:1031)
	at org.testng.remote.AbstractRemoteTestNG.run(AbstractRemoteTestNG.java:114)
	at org.testng.remote.RemoteTestNG.initAndRun(RemoteTestNG.java:251)
	at org.testng.remote.RemoteTestNG.main(RemoteTestNG.java:77)
]]>
            </full-stacktrace>
          </exception> <!-- org.testng.SkipException -->
          <reporter-output>
          </reporter-output>
        </test-method> <!-- verifyCalSectionLabels -->
        <test-method status="SKIP" signature="verifyCalSectionEventCreationLabels()[pri:0, instance:com.webmailhostopia.tests.WebMailHostpiaRegressionTests@55433567]" name="verifyCalSectionEventCreationLabels" duration-ms="14" started-at="2018-08-07T22:28:25Z" description="This is webmail CalendarPage Section Verification method and this is depends on verifyCalSectionLabels" finished-at="2018-08-07T22:28:25Z">
          <exception class="org.testng.SkipException">
            <message>
              <![CDATA[Skipped test case : verifyCalSectionEventCreationLabels]]>
            </message>
            <full-stacktrace>
              <![CDATA[org.testng.SkipException: Skipped test case : verifyCalSectionEventCreationLabels
	at com.webmailhostopia.tests.WebMailHostpiaRegressionTests.verifyCalSectionEventCreationLabels(WebMailHostpiaRegressionTests.java:161)
	at sun.reflect.NativeMethodAccessorImpl.invoke0(Native Method)
	at sun.reflect.NativeMethodAccessorImpl.invoke(NativeMethodAccessorImpl.java:57)
	at sun.reflect.DelegatingMethodAccessorImpl.invoke(DelegatingMethodAccessorImpl.java:43)
	at java.lang.reflect.Method.invoke(Method.java:601)
	at org.testng.internal.MethodInvocationHelper.invokeMethod(MethodInvocationHelper.java:80)
	at org.testng.internal.Invoker.invokeMethod(Invoker.java:714)
	at org.testng.internal.Invoker.invokeTestMethod(Invoker.java:901)
	at org.testng.internal.Invoker.invokeTestMethods(Invoker.java:1231)
	at org.testng.internal.TestMethodWorker.invokeTestMethods(TestMethodWorker.java:127)
	at org.testng.internal.TestMethodWorker.run(TestMethodWorker.java:111)
	at org.testng.TestRunner.privateRun(TestRunner.java:767)
	at org.testng.TestRunner.run(TestRunner.java:617)
	at org.testng.SuiteRunner.runTest(SuiteRunner.java:334)
	at org.testng.SuiteRunner.runSequentially(SuiteRunner.java:329)
	at org.testng.SuiteRunner.privateRun(SuiteRunner.java:291)
	at org.testng.SuiteRunner.run(SuiteRunner.java:240)
	at org.testng.SuiteRunnerWorker.runSuite(SuiteRunnerWorker.java:52)
	at org.testng.SuiteRunnerWorker.run(SuiteRunnerWorker.java:86)
	at org.testng.TestNG.runSuitesSequentially(TestNG.java:1198)
	at org.testng.TestNG.runSuitesLocally(TestNG.java:1123)
	at org.testng.TestNG.run(TestNG.java:1031)
	at org.testng.remote.AbstractRemoteTestNG.run(AbstractRemoteTestNG.java:114)
	at org.testng.remote.RemoteTestNG.initAndRun(RemoteTestNG.java:251)
	at org.testng.remote.RemoteTestNG.main(RemoteTestNG.java:77)
]]>
            </full-stacktrace>
          </exception> <!-- org.testng.SkipException -->
          <reporter-output>
          </reporter-output>
        </test-method> <!-- verifyCalSectionEventCreationLabels -->
        <test-method status="SKIP" signature="verifyCalSectionRepeatEventCreationLabels()[pri:0, instance:com.webmailhostopia.tests.WebMailHostpiaRegressionTests@55433567]" name="verifyCalSectionRepeatEventCreationLabels" duration-ms="13" started-at="2018-08-07T22:28:25Z" description="This is webmail CalendarPage Section Verification method" finished-at="2018-08-07T22:28:25Z">
          <exception class="org.testng.SkipException">
            <message>
              <![CDATA[Skipped test case : verifyCalSectionRepeatEventCreationLabels]]>
            </message>
            <full-stacktrace>
              <![CDATA[org.testng.SkipException: Skipped test case : verifyCalSectionRepeatEventCreationLabels
	at com.webmailhostopia.tests.WebMailHostpiaRegressionTests.verifyCalSectionRepeatEventCreationLabels(WebMailHostpiaRegressionTests.java:176)
	at sun.reflect.NativeMethodAccessorImpl.invoke0(Native Method)
	at sun.reflect.NativeMethodAccessorImpl.invoke(NativeMethodAccessorImpl.java:57)
	at sun.reflect.DelegatingMethodAccessorImpl.invoke(DelegatingMethodAccessorImpl.java:43)
	at java.lang.reflect.Method.invoke(Method.java:601)
	at org.testng.internal.MethodInvocationHelper.invokeMethod(MethodInvocationHelper.java:80)
	at org.testng.internal.Invoker.invokeMethod(Invoker.java:714)
	at org.testng.internal.Invoker.invokeTestMethod(Invoker.java:901)
	at org.testng.internal.Invoker.invokeTestMethods(Invoker.java:1231)
	at org.testng.internal.TestMethodWorker.invokeTestMethods(TestMethodWorker.java:127)
	at org.testng.internal.TestMethodWorker.run(TestMethodWorker.java:111)
	at org.testng.TestRunner.privateRun(TestRunner.java:767)
	at org.testng.TestRunner.run(TestRunner.java:617)
	at org.testng.SuiteRunner.runTest(SuiteRunner.java:334)
	at org.testng.SuiteRunner.runSequentially(SuiteRunner.java:329)
	at org.testng.SuiteRunner.privateRun(SuiteRunner.java:291)
	at org.testng.SuiteRunner.run(SuiteRunner.java:240)
	at org.testng.SuiteRunnerWorker.runSuite(SuiteRunnerWorker.java:52)
	at org.testng.SuiteRunnerWorker.run(SuiteRunnerWorker.java:86)
	at org.testng.TestNG.runSuitesSequentially(TestNG.java:1198)
	at org.testng.TestNG.runSuitesLocally(TestNG.java:1123)
	at org.testng.TestNG.run(TestNG.java:1031)
	at org.testng.remote.AbstractRemoteTestNG.run(AbstractRemoteTestNG.java:114)
	at org.testng.remote.RemoteTestNG.initAndRun(RemoteTestNG.java:251)
	at org.testng.remote.RemoteTestNG.main(RemoteTestNG.java:77)
]]>
            </full-stacktrace>
          </exception> <!-- org.testng.SkipException -->
          <reporter-output>
          </reporter-output>
        </test-method> <!-- verifyCalSectionRepeatEventCreationLabels -->
        <test-method status="SKIP" signature="verifyTaskpageSectionLabels()[pri:0, instance:com.webmailhostopia.tests.WebMailHostpiaRegressionTests@55433567]" name="verifyTaskpageSectionLabels" duration-ms="22" started-at="2018-08-07T22:28:25Z" description="This is Task Page Section Verification method" finished-at="2018-08-07T22:28:25Z">
          <exception class="org.testng.SkipException">
            <message>
              <![CDATA[Skipped test case : verifyTaskpageSectionLabels]]>
            </message>
            <full-stacktrace>
              <![CDATA[org.testng.SkipException: Skipped test case : verifyTaskpageSectionLabels
	at com.webmailhostopia.tests.WebMailHostpiaRegressionTests.verifyTaskpageSectionLabels(WebMailHostpiaRegressionTests.java:193)
	at sun.reflect.NativeMethodAccessorImpl.invoke0(Native Method)
	at sun.reflect.NativeMethodAccessorImpl.invoke(NativeMethodAccessorImpl.java:57)
	at sun.reflect.DelegatingMethodAccessorImpl.invoke(DelegatingMethodAccessorImpl.java:43)
	at java.lang.reflect.Method.invoke(Method.java:601)
	at org.testng.internal.MethodInvocationHelper.invokeMethod(MethodInvocationHelper.java:80)
	at org.testng.internal.Invoker.invokeMethod(Invoker.java:714)
	at org.testng.internal.Invoker.invokeTestMethod(Invoker.java:901)
	at org.testng.internal.Invoker.invokeTestMethods(Invoker.java:1231)
	at org.testng.internal.TestMethodWorker.invokeTestMethods(TestMethodWorker.java:127)
	at org.testng.internal.TestMethodWorker.run(TestMethodWorker.java:111)
	at org.testng.TestRunner.privateRun(TestRunner.java:767)
	at org.testng.TestRunner.run(TestRunner.java:617)
	at org.testng.SuiteRunner.runTest(SuiteRunner.java:334)
	at org.testng.SuiteRunner.runSequentially(SuiteRunner.java:329)
	at org.testng.SuiteRunner.privateRun(SuiteRunner.java:291)
	at org.testng.SuiteRunner.run(SuiteRunner.java:240)
	at org.testng.SuiteRunnerWorker.runSuite(SuiteRunnerWorker.java:52)
	at org.testng.SuiteRunnerWorker.run(SuiteRunnerWorker.java:86)
	at org.testng.TestNG.runSuitesSequentially(TestNG.java:1198)
	at org.testng.TestNG.runSuitesLocally(TestNG.java:1123)
	at org.testng.TestNG.run(TestNG.java:1031)
	at org.testng.remote.AbstractRemoteTestNG.run(AbstractRemoteTestNG.java:114)
	at org.testng.remote.RemoteTestNG.initAndRun(RemoteTestNG.java:251)
	at org.testng.remote.RemoteTestNG.main(RemoteTestNG.java:77)
]]>
            </full-stacktrace>
          </exception> <!-- org.testng.SkipException -->
          <reporter-output>
          </reporter-output>
        </test-method> <!-- verifyTaskpageSectionLabels -->
        <test-method status="SKIP" signature="verifyTaskCreationpageSectionLabels()[pri:0, instance:com.webmailhostopia.tests.WebMailHostpiaRegressionTests@55433567]" name="verifyTaskCreationpageSectionLabels" duration-ms="14" started-at="2018-08-07T22:28:26Z" description="This is Task Page Section Verification method" finished-at="2018-08-07T22:28:26Z">
          <exception class="org.testng.SkipException">
            <message>
              <![CDATA[Skipped test case : verifyTaskCreationpageSectionLabels]]>
            </message>
            <full-stacktrace>
              <![CDATA[org.testng.SkipException: Skipped test case : verifyTaskCreationpageSectionLabels
	at com.webmailhostopia.tests.WebMailHostpiaRegressionTests.verifyTaskCreationpageSectionLabels(WebMailHostpiaRegressionTests.java:209)
	at sun.reflect.NativeMethodAccessorImpl.invoke0(Native Method)
	at sun.reflect.NativeMethodAccessorImpl.invoke(NativeMethodAccessorImpl.java:57)
	at sun.reflect.DelegatingMethodAccessorImpl.invoke(DelegatingMethodAccessorImpl.java:43)
	at java.lang.reflect.Method.invoke(Method.java:601)
	at org.testng.internal.MethodInvocationHelper.invokeMethod(MethodInvocationHelper.java:80)
	at org.testng.internal.Invoker.invokeMethod(Invoker.java:714)
	at org.testng.internal.Invoker.invokeTestMethod(Invoker.java:901)
	at org.testng.internal.Invoker.invokeTestMethods(Invoker.java:1231)
	at org.testng.internal.TestMethodWorker.invokeTestMethods(TestMethodWorker.java:127)
	at org.testng.internal.TestMethodWorker.run(TestMethodWorker.java:111)
	at org.testng.TestRunner.privateRun(TestRunner.java:767)
	at org.testng.TestRunner.run(TestRunner.java:617)
	at org.testng.SuiteRunner.runTest(SuiteRunner.java:334)
	at org.testng.SuiteRunner.runSequentially(SuiteRunner.java:329)
	at org.testng.SuiteRunner.privateRun(SuiteRunner.java:291)
	at org.testng.SuiteRunner.run(SuiteRunner.java:240)
	at org.testng.SuiteRunnerWorker.runSuite(SuiteRunnerWorker.java:52)
	at org.testng.SuiteRunnerWorker.run(SuiteRunnerWorker.java:86)
	at org.testng.TestNG.runSuitesSequentially(TestNG.java:1198)
	at org.testng.TestNG.runSuitesLocally(TestNG.java:1123)
	at org.testng.TestNG.run(TestNG.java:1031)
	at org.testng.remote.AbstractRemoteTestNG.run(AbstractRemoteTestNG.java:114)
	at org.testng.remote.RemoteTestNG.initAndRun(RemoteTestNG.java:251)
	at org.testng.remote.RemoteTestNG.main(RemoteTestNG.java:77)
]]>
            </full-stacktrace>
          </exception> <!-- org.testng.SkipException -->
          <reporter-output>
          </reporter-output>
        </test-method> <!-- verifyTaskCreationpageSectionLabels -->
        <test-method status="SKIP" signature="verifyContactSectionLabels()[pri:0, instance:com.webmailhostopia.tests.WebMailHostpiaRegressionTests@55433567]" name="verifyContactSectionLabels" duration-ms="14" started-at="2018-08-07T22:28:26Z" description="This is Conatct Page Section Verification method" finished-at="2018-08-07T22:28:26Z">
          <exception class="org.testng.SkipException">
            <message>
              <![CDATA[Skipped test case : verifyContactSectionLabels]]>
            </message>
            <full-stacktrace>
              <![CDATA[org.testng.SkipException: Skipped test case : verifyContactSectionLabels
	at com.webmailhostopia.tests.WebMailHostpiaRegressionTests.verifyContactSectionLabels(WebMailHostpiaRegressionTests.java:226)
	at sun.reflect.NativeMethodAccessorImpl.invoke0(Native Method)
	at sun.reflect.NativeMethodAccessorImpl.invoke(NativeMethodAccessorImpl.java:57)
	at sun.reflect.DelegatingMethodAccessorImpl.invoke(DelegatingMethodAccessorImpl.java:43)
	at java.lang.reflect.Method.invoke(Method.java:601)
	at org.testng.internal.MethodInvocationHelper.invokeMethod(MethodInvocationHelper.java:80)
	at org.testng.internal.Invoker.invokeMethod(Invoker.java:714)
	at org.testng.internal.Invoker.invokeTestMethod(Invoker.java:901)
	at org.testng.internal.Invoker.invokeTestMethods(Invoker.java:1231)
	at org.testng.internal.TestMethodWorker.invokeTestMethods(TestMethodWorker.java:127)
	at org.testng.internal.TestMethodWorker.run(TestMethodWorker.java:111)
	at org.testng.TestRunner.privateRun(TestRunner.java:767)
	at org.testng.TestRunner.run(TestRunner.java:617)
	at org.testng.SuiteRunner.runTest(SuiteRunner.java:334)
	at org.testng.SuiteRunner.runSequentially(SuiteRunner.java:329)
	at org.testng.SuiteRunner.privateRun(SuiteRunner.java:291)
	at org.testng.SuiteRunner.run(SuiteRunner.java:240)
	at org.testng.SuiteRunnerWorker.runSuite(SuiteRunnerWorker.java:52)
	at org.testng.SuiteRunnerWorker.run(SuiteRunnerWorker.java:86)
	at org.testng.TestNG.runSuitesSequentially(TestNG.java:1198)
	at org.testng.TestNG.runSuitesLocally(TestNG.java:1123)
	at org.testng.TestNG.run(TestNG.java:1031)
	at org.testng.remote.AbstractRemoteTestNG.run(AbstractRemoteTestNG.java:114)
	at org.testng.remote.RemoteTestNG.initAndRun(RemoteTestNG.java:251)
	at org.testng.remote.RemoteTestNG.main(RemoteTestNG.java:77)
]]>
            </full-stacktrace>
          </exception> <!-- org.testng.SkipException -->
          <reporter-output>
          </reporter-output>
        </test-method> <!-- verifyContactSectionLabels -->
        <test-method status="SKIP" signature="verifyCreateContactSectionLabels()[pri:0, instance:com.webmailhostopia.tests.WebMailHostpiaRegressionTests@55433567]" name="verifyCreateContactSectionLabels" duration-ms="41" started-at="2018-08-07T22:28:26Z" description="This is Create Contact Page Section Verification method" finished-at="2018-08-07T22:28:26Z">
          <exception class="org.testng.SkipException">
            <message>
              <![CDATA[Skipped test case : verifyCreateContactSectionLabels]]>
            </message>
            <full-stacktrace>
              <![CDATA[org.testng.SkipException: Skipped test case : verifyCreateContactSectionLabels
	at com.webmailhostopia.tests.WebMailHostpiaRegressionTests.verifyCreateContactSectionLabels(WebMailHostpiaRegressionTests.java:242)
	at sun.reflect.NativeMethodAccessorImpl.invoke0(Native Method)
	at sun.reflect.NativeMethodAccessorImpl.invoke(NativeMethodAccessorImpl.java:57)
	at sun.reflect.DelegatingMethodAccessorImpl.invoke(DelegatingMethodAccessorImpl.java:43)
	at java.lang.reflect.Method.invoke(Method.java:601)
	at org.testng.internal.MethodInvocationHelper.invokeMethod(MethodInvocationHelper.java:80)
	at org.testng.internal.Invoker.invokeMethod(Invoker.java:714)
	at org.testng.internal.Invoker.invokeTestMethod(Invoker.java:901)
	at org.testng.internal.Invoker.invokeTestMethods(Invoker.java:1231)
	at org.testng.internal.TestMethodWorker.invokeTestMethods(TestMethodWorker.java:127)
	at org.testng.internal.TestMethodWorker.run(TestMethodWorker.java:111)
	at org.testng.TestRunner.privateRun(TestRunner.java:767)
	at org.testng.TestRunner.run(TestRunner.java:617)
	at org.testng.SuiteRunner.runTest(SuiteRunner.java:334)
	at org.testng.SuiteRunner.runSequentially(SuiteRunner.java:329)
	at org.testng.SuiteRunner.privateRun(SuiteRunner.java:291)
	at org.testng.SuiteRunner.run(SuiteRunner.java:240)
	at org.testng.SuiteRunnerWorker.runSuite(SuiteRunnerWorker.java:52)
	at org.testng.SuiteRunnerWorker.run(SuiteRunnerWorker.java:86)
	at org.testng.TestNG.runSuitesSequentially(TestNG.java:1198)
	at org.testng.TestNG.runSuitesLocally(TestNG.java:1123)
	at org.testng.TestNG.run(TestNG.java:1031)
	at org.testng.remote.AbstractRemoteTestNG.run(AbstractRemoteTestNG.java:114)
	at org.testng.remote.RemoteTestNG.initAndRun(RemoteTestNG.java:251)
	at org.testng.remote.RemoteTestNG.main(RemoteTestNG.java:77)
]]>
            </full-stacktrace>
          </exception> <!-- org.testng.SkipException -->
          <reporter-output>
          </reporter-output>
        </test-method> <!-- verifyCreateContactSectionLabels -->
        <test-method status="SKIP" signature="verifyCreateAddressBookSectionLabels()[pri:0, instance:com.webmailhostopia.tests.WebMailHostpiaRegressionTests@55433567]" name="verifyCreateAddressBookSectionLabels" duration-ms="15" started-at="2018-08-07T22:28:26Z" description="This is Create New AddressBook Page Section Verification method" finished-at="2018-08-07T22:28:26Z">
          <exception class="org.testng.SkipException">
            <message>
              <![CDATA[Skipped test case : verifyCreateAddressBookSectionLabels]]>
            </message>
            <full-stacktrace>
              <![CDATA[org.testng.SkipException: Skipped test case : verifyCreateAddressBookSectionLabels
	at com.webmailhostopia.tests.WebMailHostpiaRegressionTests.verifyCreateAddressBookSectionLabels(WebMailHostpiaRegressionTests.java:258)
	at sun.reflect.NativeMethodAccessorImpl.invoke0(Native Method)
	at sun.reflect.NativeMethodAccessorImpl.invoke(NativeMethodAccessorImpl.java:57)
	at sun.reflect.DelegatingMethodAccessorImpl.invoke(DelegatingMethodAccessorImpl.java:43)
	at java.lang.reflect.Method.invoke(Method.java:601)
	at org.testng.internal.MethodInvocationHelper.invokeMethod(MethodInvocationHelper.java:80)
	at org.testng.internal.Invoker.invokeMethod(Invoker.java:714)
	at org.testng.internal.Invoker.invokeTestMethod(Invoker.java:901)
	at org.testng.internal.Invoker.invokeTestMethods(Invoker.java:1231)
	at org.testng.internal.TestMethodWorker.invokeTestMethods(TestMethodWorker.java:127)
	at org.testng.internal.TestMethodWorker.run(TestMethodWorker.java:111)
	at org.testng.TestRunner.privateRun(TestRunner.java:767)
	at org.testng.TestRunner.run(TestRunner.java:617)
	at org.testng.SuiteRunner.runTest(SuiteRunner.java:334)
	at org.testng.SuiteRunner.runSequentially(SuiteRunner.java:329)
	at org.testng.SuiteRunner.privateRun(SuiteRunner.java:291)
	at org.testng.SuiteRunner.run(SuiteRunner.java:240)
	at org.testng.SuiteRunnerWorker.runSuite(SuiteRunnerWorker.java:52)
	at org.testng.SuiteRunnerWorker.run(SuiteRunnerWorker.java:86)
	at org.testng.TestNG.runSuitesSequentially(TestNG.java:1198)
	at org.testng.TestNG.runSuitesLocally(TestNG.java:1123)
	at org.testng.TestNG.run(TestNG.java:1031)
	at org.testng.remote.AbstractRemoteTestNG.run(AbstractRemoteTestNG.java:114)
	at org.testng.remote.RemoteTestNG.initAndRun(RemoteTestNG.java:251)
	at org.testng.remote.RemoteTestNG.main(RemoteTestNG.java:77)
]]>
            </full-stacktrace>
          </exception> <!-- org.testng.SkipException -->
          <reporter-output>
          </reporter-output>
        </test-method> <!-- verifyCreateAddressBookSectionLabels -->
        <test-method status="SKIP" signature="verifySubscribeAddressBookSectionLabels()[pri:0, instance:com.webmailhostopia.tests.WebMailHostpiaRegressionTests@55433567]" name="verifySubscribeAddressBookSectionLabels" duration-ms="14" started-at="2018-08-07T22:28:26Z" description="This is Subscribe AddressBook Page Section Verification method" finished-at="2018-08-07T22:28:26Z">
          <exception class="org.testng.SkipException">
            <message>
              <![CDATA[Skipped test case : verifySubscribeAddressBookSectionLabels]]>
            </message>
            <full-stacktrace>
              <![CDATA[org.testng.SkipException: Skipped test case : verifySubscribeAddressBookSectionLabels
	at com.webmailhostopia.tests.WebMailHostpiaRegressionTests.verifySubscribeAddressBookSectionLabels(WebMailHostpiaRegressionTests.java:273)
	at sun.reflect.NativeMethodAccessorImpl.invoke0(Native Method)
	at sun.reflect.NativeMethodAccessorImpl.invoke(NativeMethodAccessorImpl.java:57)
	at sun.reflect.DelegatingMethodAccessorImpl.invoke(DelegatingMethodAccessorImpl.java:43)
	at java.lang.reflect.Method.invoke(Method.java:601)
	at org.testng.internal.MethodInvocationHelper.invokeMethod(MethodInvocationHelper.java:80)
	at org.testng.internal.Invoker.invokeMethod(Invoker.java:714)
	at org.testng.internal.Invoker.invokeTestMethod(Invoker.java:901)
	at org.testng.internal.Invoker.invokeTestMethods(Invoker.java:1231)
	at org.testng.internal.TestMethodWorker.invokeTestMethods(TestMethodWorker.java:127)
	at org.testng.internal.TestMethodWorker.run(TestMethodWorker.java:111)
	at org.testng.TestRunner.privateRun(TestRunner.java:767)
	at org.testng.TestRunner.run(TestRunner.java:617)
	at org.testng.SuiteRunner.runTest(SuiteRunner.java:334)
	at org.testng.SuiteRunner.runSequentially(SuiteRunner.java:329)
	at org.testng.SuiteRunner.privateRun(SuiteRunner.java:291)
	at org.testng.SuiteRunner.run(SuiteRunner.java:240)
	at org.testng.SuiteRunnerWorker.runSuite(SuiteRunnerWorker.java:52)
	at org.testng.SuiteRunnerWorker.run(SuiteRunnerWorker.java:86)
	at org.testng.TestNG.runSuitesSequentially(TestNG.java:1198)
	at org.testng.TestNG.runSuitesLocally(TestNG.java:1123)
	at org.testng.TestNG.run(TestNG.java:1031)
	at org.testng.remote.AbstractRemoteTestNG.run(AbstractRemoteTestNG.java:114)
	at org.testng.remote.RemoteTestNG.initAndRun(RemoteTestNG.java:251)
	at org.testng.remote.RemoteTestNG.main(RemoteTestNG.java:77)
]]>
            </full-stacktrace>
          </exception> <!-- org.testng.SkipException -->
          <reporter-output>
          </reporter-output>
        </test-method> <!-- verifySubscribeAddressBookSectionLabels -->
        <test-method status="SKIP" signature="verifyNewGroupSectionLabels()[pri:0, instance:com.webmailhostopia.tests.WebMailHostpiaRegressionTests@55433567]" name="verifyNewGroupSectionLabels" duration-ms="12" started-at="2018-08-07T22:28:26Z" description="This is New Create Group Page Section Verification method" finished-at="2018-08-07T22:28:26Z">
          <exception class="org.testng.SkipException">
            <message>
              <![CDATA[Skipped test case : verifyNewGroupSectionLabels]]>
            </message>
            <full-stacktrace>
              <![CDATA[org.testng.SkipException: Skipped test case : verifyNewGroupSectionLabels
	at com.webmailhostopia.tests.WebMailHostpiaRegressionTests.verifyNewGroupSectionLabels(WebMailHostpiaRegressionTests.java:288)
	at sun.reflect.NativeMethodAccessorImpl.invoke0(Native Method)
	at sun.reflect.NativeMethodAccessorImpl.invoke(NativeMethodAccessorImpl.java:57)
	at sun.reflect.DelegatingMethodAccessorImpl.invoke(DelegatingMethodAccessorImpl.java:43)
	at java.lang.reflect.Method.invoke(Method.java:601)
	at org.testng.internal.MethodInvocationHelper.invokeMethod(MethodInvocationHelper.java:80)
	at org.testng.internal.Invoker.invokeMethod(Invoker.java:714)
	at org.testng.internal.Invoker.invokeTestMethod(Invoker.java:901)
	at org.testng.internal.Invoker.invokeTestMethods(Invoker.java:1231)
	at org.testng.internal.TestMethodWorker.invokeTestMethods(TestMethodWorker.java:127)
	at org.testng.internal.TestMethodWorker.run(TestMethodWorker.java:111)
	at org.testng.TestRunner.privateRun(TestRunner.java:767)
	at org.testng.TestRunner.run(TestRunner.java:617)
	at org.testng.SuiteRunner.runTest(SuiteRunner.java:334)
	at org.testng.SuiteRunner.runSequentially(SuiteRunner.java:329)
	at org.testng.SuiteRunner.privateRun(SuiteRunner.java:291)
	at org.testng.SuiteRunner.run(SuiteRunner.java:240)
	at org.testng.SuiteRunnerWorker.runSuite(SuiteRunnerWorker.java:52)
	at org.testng.SuiteRunnerWorker.run(SuiteRunnerWorker.java:86)
	at org.testng.TestNG.runSuitesSequentially(TestNG.java:1198)
	at org.testng.TestNG.runSuitesLocally(TestNG.java:1123)
	at org.testng.TestNG.run(TestNG.java:1031)
	at org.testng.remote.AbstractRemoteTestNG.run(AbstractRemoteTestNG.java:114)
	at org.testng.remote.RemoteTestNG.initAndRun(RemoteTestNG.java:251)
	at org.testng.remote.RemoteTestNG.main(RemoteTestNG.java:77)
]]>
            </full-stacktrace>
          </exception> <!-- org.testng.SkipException -->
          <reporter-output>
          </reporter-output>
        </test-method> <!-- verifyNewGroupSectionLabels -->
        <test-method status="SKIP" signature="labelsLanguageTestInPreferenceGeneralTab()[pri:0, instance:com.webmailhostopia.tests.WebMailHostpiaRegressionTests@55433567]" name="labelsLanguageTestInPreferenceGeneralTab" duration-ms="11" started-at="2018-08-07T22:28:26Z" finished-at="2018-08-07T22:28:26Z">
          <exception class="org.testng.SkipException">
            <message>
              <![CDATA[Skipped test case : labelsLanguageTestInPreferenceGeneralTab]]>
            </message>
            <full-stacktrace>
              <![CDATA[org.testng.SkipException: Skipped test case : labelsLanguageTestInPreferenceGeneralTab
	at com.webmailhostopia.tests.WebMailHostpiaRegressionTests.labelsLanguageTestInPreferenceGeneralTab(WebMailHostpiaRegressionTests.java:304)
	at sun.reflect.NativeMethodAccessorImpl.invoke0(Native Method)
	at sun.reflect.NativeMethodAccessorImpl.invoke(NativeMethodAccessorImpl.java:57)
	at sun.reflect.DelegatingMethodAccessorImpl.invoke(DelegatingMethodAccessorImpl.java:43)
	at java.lang.reflect.Method.invoke(Method.java:601)
	at org.testng.internal.MethodInvocationHelper.invokeMethod(MethodInvocationHelper.java:80)
	at org.testng.internal.Invoker.invokeMethod(Invoker.java:714)
	at org.testng.internal.Invoker.invokeTestMethod(Invoker.java:901)
	at org.testng.internal.Invoker.invokeTestMethods(Invoker.java:1231)
	at org.testng.internal.TestMethodWorker.invokeTestMethods(TestMethodWorker.java:127)
	at org.testng.internal.TestMethodWorker.run(TestMethodWorker.java:111)
	at org.testng.TestRunner.privateRun(TestRunner.java:767)
	at org.testng.TestRunner.run(TestRunner.java:617)
	at org.testng.SuiteRunner.runTest(SuiteRunner.java:334)
	at org.testng.SuiteRunner.runSequentially(SuiteRunner.java:329)
	at org.testng.SuiteRunner.privateRun(SuiteRunner.java:291)
	at org.testng.SuiteRunner.run(SuiteRunner.java:240)
	at org.testng.SuiteRunnerWorker.runSuite(SuiteRunnerWorker.java:52)
	at org.testng.SuiteRunnerWorker.run(SuiteRunnerWorker.java:86)
	at org.testng.TestNG.runSuitesSequentially(TestNG.java:1198)
	at org.testng.TestNG.runSuitesLocally(TestNG.java:1123)
	at org.testng.TestNG.run(TestNG.java:1031)
	at org.testng.remote.AbstractRemoteTestNG.run(AbstractRemoteTestNG.java:114)
	at org.testng.remote.RemoteTestNG.initAndRun(RemoteTestNG.java:251)
	at org.testng.remote.RemoteTestNG.main(RemoteTestNG.java:77)
]]>
            </full-stacktrace>
          </exception> <!-- org.testng.SkipException -->
          <reporter-output>
          </reporter-output>
        </test-method> <!-- labelsLanguageTestInPreferenceGeneralTab -->
        <test-method status="SKIP" signature="labelsLanguageTestInPreferenceAdvancedTab()[pri:0, instance:com.webmailhostopia.tests.WebMailHostpiaRegressionTests@55433567]" name="labelsLanguageTestInPreferenceAdvancedTab" duration-ms="12" started-at="2018-08-07T22:28:26Z" finished-at="2018-08-07T22:28:26Z">
          <exception class="org.testng.SkipException">
            <message>
              <![CDATA[Skipped test case : labelsLanguageTestInPreferenceAdvancedTab]]>
            </message>
            <full-stacktrace>
              <![CDATA[org.testng.SkipException: Skipped test case : labelsLanguageTestInPreferenceAdvancedTab
	at com.webmailhostopia.tests.WebMailHostpiaRegressionTests.labelsLanguageTestInPreferenceAdvancedTab(WebMailHostpiaRegressionTests.java:320)
	at sun.reflect.NativeMethodAccessorImpl.invoke0(Native Method)
	at sun.reflect.NativeMethodAccessorImpl.invoke(NativeMethodAccessorImpl.java:57)
	at sun.reflect.DelegatingMethodAccessorImpl.invoke(DelegatingMethodAccessorImpl.java:43)
	at java.lang.reflect.Method.invoke(Method.java:601)
	at org.testng.internal.MethodInvocationHelper.invokeMethod(MethodInvocationHelper.java:80)
	at org.testng.internal.Invoker.invokeMethod(Invoker.java:714)
	at org.testng.internal.Invoker.invokeTestMethod(Invoker.java:901)
	at org.testng.internal.Invoker.invokeTestMethods(Invoker.java:1231)
	at org.testng.internal.TestMethodWorker.invokeTestMethods(TestMethodWorker.java:127)
	at org.testng.internal.TestMethodWorker.run(TestMethodWorker.java:111)
	at org.testng.TestRunner.privateRun(TestRunner.java:767)
	at org.testng.TestRunner.run(TestRunner.java:617)
	at org.testng.SuiteRunner.runTest(SuiteRunner.java:334)
	at org.testng.SuiteRunner.runSequentially(SuiteRunner.java:329)
	at org.testng.SuiteRunner.privateRun(SuiteRunner.java:291)
	at org.testng.SuiteRunner.run(SuiteRunner.java:240)
	at org.testng.SuiteRunnerWorker.runSuite(SuiteRunnerWorker.java:52)
	at org.testng.SuiteRunnerWorker.run(SuiteRunnerWorker.java:86)
	at org.testng.TestNG.runSuitesSequentially(TestNG.java:1198)
	at org.testng.TestNG.runSuitesLocally(TestNG.java:1123)
	at org.testng.TestNG.run(TestNG.java:1031)
	at org.testng.remote.AbstractRemoteTestNG.run(AbstractRemoteTestNG.java:114)
	at org.testng.remote.RemoteTestNG.initAndRun(RemoteTestNG.java:251)
	at org.testng.remote.RemoteTestNG.main(RemoteTestNG.java:77)
]]>
            </full-stacktrace>
          </exception> <!-- org.testng.SkipException -->
          <reporter-output>
          </reporter-output>
        </test-method> <!-- labelsLanguageTestInPreferenceAdvancedTab -->
        <test-method status="SKIP" signature="labelsLanguageTestInPreferenceACcountSecurityTab()[pri:0, instance:com.webmailhostopia.tests.WebMailHostpiaRegressionTests@55433567]" name="labelsLanguageTestInPreferenceACcountSecurityTab" duration-ms="11" started-at="2018-08-07T22:28:26Z" finished-at="2018-08-07T22:28:26Z">
          <exception class="org.testng.SkipException">
            <message>
              <![CDATA[Skipped test case : labelsLanguageTestInPreferenceACcountSecurityTab]]>
            </message>
            <full-stacktrace>
              <![CDATA[org.testng.SkipException: Skipped test case : labelsLanguageTestInPreferenceACcountSecurityTab
	at com.webmailhostopia.tests.WebMailHostpiaRegressionTests.labelsLanguageTestInPreferenceACcountSecurityTab(WebMailHostpiaRegressionTests.java:336)
	at sun.reflect.NativeMethodAccessorImpl.invoke0(Native Method)
	at sun.reflect.NativeMethodAccessorImpl.invoke(NativeMethodAccessorImpl.java:57)
	at sun.reflect.DelegatingMethodAccessorImpl.invoke(DelegatingMethodAccessorImpl.java:43)
	at java.lang.reflect.Method.invoke(Method.java:601)
	at org.testng.internal.MethodInvocationHelper.invokeMethod(MethodInvocationHelper.java:80)
	at org.testng.internal.Invoker.invokeMethod(Invoker.java:714)
	at org.testng.internal.Invoker.invokeTestMethod(Invoker.java:901)
	at org.testng.internal.Invoker.invokeTestMethods(Invoker.java:1231)
	at org.testng.internal.TestMethodWorker.invokeTestMethods(TestMethodWorker.java:127)
	at org.testng.internal.TestMethodWorker.run(TestMethodWorker.java:111)
	at org.testng.TestRunner.privateRun(TestRunner.java:767)
	at org.testng.TestRunner.run(TestRunner.java:617)
	at org.testng.SuiteRunner.runTest(SuiteRunner.java:334)
	at org.testng.SuiteRunner.runSequentially(SuiteRunner.java:329)
	at org.testng.SuiteRunner.privateRun(SuiteRunner.java:291)
	at org.testng.SuiteRunner.run(SuiteRunner.java:240)
	at org.testng.SuiteRunnerWorker.runSuite(SuiteRunnerWorker.java:52)
	at org.testng.SuiteRunnerWorker.run(SuiteRunnerWorker.java:86)
	at org.testng.TestNG.runSuitesSequentially(TestNG.java:1198)
	at org.testng.TestNG.runSuitesLocally(TestNG.java:1123)
	at org.testng.TestNG.run(TestNG.java:1031)
	at org.testng.remote.AbstractRemoteTestNG.run(AbstractRemoteTestNG.java:114)
	at org.testng.remote.RemoteTestNG.initAndRun(RemoteTestNG.java:251)
	at org.testng.remote.RemoteTestNG.main(RemoteTestNG.java:77)
]]>
            </full-stacktrace>
          </exception> <!-- org.testng.SkipException -->
          <reporter-output>
          </reporter-output>
        </test-method> <!-- labelsLanguageTestInPreferenceACcountSecurityTab -->
        <test-method status="SKIP" signature="labelsLanguageTestInPreferenceAccountsTab()[pri:0, instance:com.webmailhostopia.tests.WebMailHostpiaRegressionTests@55433567]" name="labelsLanguageTestInPreferenceAccountsTab" duration-ms="10" started-at="2018-08-07T22:28:26Z" finished-at="2018-08-07T22:28:26Z">
          <exception class="org.testng.SkipException">
            <message>
              <![CDATA[Skipped test case : labelsLanguageTestInPreferenceAccountsTab]]>
            </message>
            <full-stacktrace>
              <![CDATA[org.testng.SkipException: Skipped test case : labelsLanguageTestInPreferenceAccountsTab
	at com.webmailhostopia.tests.WebMailHostpiaRegressionTests.labelsLanguageTestInPreferenceAccountsTab(WebMailHostpiaRegressionTests.java:352)
	at sun.reflect.NativeMethodAccessorImpl.invoke0(Native Method)
	at sun.reflect.NativeMethodAccessorImpl.invoke(NativeMethodAccessorImpl.java:57)
	at sun.reflect.DelegatingMethodAccessorImpl.invoke(DelegatingMethodAccessorImpl.java:43)
	at java.lang.reflect.Method.invoke(Method.java:601)
	at org.testng.internal.MethodInvocationHelper.invokeMethod(MethodInvocationHelper.java:80)
	at org.testng.internal.Invoker.invokeMethod(Invoker.java:714)
	at org.testng.internal.Invoker.invokeTestMethod(Invoker.java:901)
	at org.testng.internal.Invoker.invokeTestMethods(Invoker.java:1231)
	at org.testng.internal.TestMethodWorker.invokeTestMethods(TestMethodWorker.java:127)
	at org.testng.internal.TestMethodWorker.run(TestMethodWorker.java:111)
	at org.testng.TestRunner.privateRun(TestRunner.java:767)
	at org.testng.TestRunner.run(TestRunner.java:617)
	at org.testng.SuiteRunner.runTest(SuiteRunner.java:334)
	at org.testng.SuiteRunner.runSequentially(SuiteRunner.java:329)
	at org.testng.SuiteRunner.privateRun(SuiteRunner.java:291)
	at org.testng.SuiteRunner.run(SuiteRunner.java:240)
	at org.testng.SuiteRunnerWorker.runSuite(SuiteRunnerWorker.java:52)
	at org.testng.SuiteRunnerWorker.run(SuiteRunnerWorker.java:86)
	at org.testng.TestNG.runSuitesSequentially(TestNG.java:1198)
	at org.testng.TestNG.runSuitesLocally(TestNG.java:1123)
	at org.testng.TestNG.run(TestNG.java:1031)
	at org.testng.remote.AbstractRemoteTestNG.run(AbstractRemoteTestNG.java:114)
	at org.testng.remote.RemoteTestNG.initAndRun(RemoteTestNG.java:251)
	at org.testng.remote.RemoteTestNG.main(RemoteTestNG.java:77)
]]>
            </full-stacktrace>
          </exception> <!-- org.testng.SkipException -->
          <reporter-output>
          </reporter-output>
        </test-method> <!-- labelsLanguageTestInPreferenceAccountsTab -->
        <test-method status="SKIP" signature="labelsLanguageTestInPreferenceSpamTab()[pri:0, instance:com.webmailhostopia.tests.WebMailHostpiaRegressionTests@55433567]" name="labelsLanguageTestInPreferenceSpamTab" duration-ms="11" started-at="2018-08-07T22:28:26Z" finished-at="2018-08-07T22:28:26Z">
          <exception class="org.testng.SkipException">
            <message>
              <![CDATA[Skipped test case : labelsLanguageTestInPreferenceSpamTab]]>
            </message>
            <full-stacktrace>
              <![CDATA[org.testng.SkipException: Skipped test case : labelsLanguageTestInPreferenceSpamTab
	at com.webmailhostopia.tests.WebMailHostpiaRegressionTests.labelsLanguageTestInPreferenceSpamTab(WebMailHostpiaRegressionTests.java:367)
	at sun.reflect.NativeMethodAccessorImpl.invoke0(Native Method)
	at sun.reflect.NativeMethodAccessorImpl.invoke(NativeMethodAccessorImpl.java:57)
	at sun.reflect.DelegatingMethodAccessorImpl.invoke(DelegatingMethodAccessorImpl.java:43)
	at java.lang.reflect.Method.invoke(Method.java:601)
	at org.testng.internal.MethodInvocationHelper.invokeMethod(MethodInvocationHelper.java:80)
	at org.testng.internal.Invoker.invokeMethod(Invoker.java:714)
	at org.testng.internal.Invoker.invokeTestMethod(Invoker.java:901)
	at org.testng.internal.Invoker.invokeTestMethods(Invoker.java:1231)
	at org.testng.internal.TestMethodWorker.invokeTestMethods(TestMethodWorker.java:127)
	at org.testng.internal.TestMethodWorker.run(TestMethodWorker.java:111)
	at org.testng.TestRunner.privateRun(TestRunner.java:767)
	at org.testng.TestRunner.run(TestRunner.java:617)
	at org.testng.SuiteRunner.runTest(SuiteRunner.java:334)
	at org.testng.SuiteRunner.runSequentially(SuiteRunner.java:329)
	at org.testng.SuiteRunner.privateRun(SuiteRunner.java:291)
	at org.testng.SuiteRunner.run(SuiteRunner.java:240)
	at org.testng.SuiteRunnerWorker.runSuite(SuiteRunnerWorker.java:52)
	at org.testng.SuiteRunnerWorker.run(SuiteRunnerWorker.java:86)
	at org.testng.TestNG.runSuitesSequentially(TestNG.java:1198)
	at org.testng.TestNG.runSuitesLocally(TestNG.java:1123)
	at org.testng.TestNG.run(TestNG.java:1031)
	at org.testng.remote.AbstractRemoteTestNG.run(AbstractRemoteTestNG.java:114)
	at org.testng.remote.RemoteTestNG.initAndRun(RemoteTestNG.java:251)
	at org.testng.remote.RemoteTestNG.main(RemoteTestNG.java:77)
]]>
            </full-stacktrace>
          </exception> <!-- org.testng.SkipException -->
          <reporter-output>
          </reporter-output>
        </test-method> <!-- labelsLanguageTestInPreferenceSpamTab -->
        <test-method status="SKIP" signature="labelsLanguageTestInPreferenceAutoRulesTab()[pri:0, instance:com.webmailhostopia.tests.WebMailHostpiaRegressionTests@55433567]" name="labelsLanguageTestInPreferenceAutoRulesTab" duration-ms="11" started-at="2018-08-07T22:28:26Z" finished-at="2018-08-07T22:28:26Z">
          <exception class="org.testng.SkipException">
            <message>
              <![CDATA[Skipped test case : labelsLanguageTestInPreferenceAutoRulesTab]]>
            </message>
            <full-stacktrace>
              <![CDATA[org.testng.SkipException: Skipped test case : labelsLanguageTestInPreferenceAutoRulesTab
	at com.webmailhostopia.tests.WebMailHostpiaRegressionTests.labelsLanguageTestInPreferenceAutoRulesTab(WebMailHostpiaRegressionTests.java:382)
	at sun.reflect.NativeMethodAccessorImpl.invoke0(Native Method)
	at sun.reflect.NativeMethodAccessorImpl.invoke(NativeMethodAccessorImpl.java:57)
	at sun.reflect.DelegatingMethodAccessorImpl.invoke(DelegatingMethodAccessorImpl.java:43)
	at java.lang.reflect.Method.invoke(Method.java:601)
	at org.testng.internal.MethodInvocationHelper.invokeMethod(MethodInvocationHelper.java:80)
	at org.testng.internal.Invoker.invokeMethod(Invoker.java:714)
	at org.testng.internal.Invoker.invokeTestMethod(Invoker.java:901)
	at org.testng.internal.Invoker.invokeTestMethods(Invoker.java:1231)
	at org.testng.internal.TestMethodWorker.invokeTestMethods(TestMethodWorker.java:127)
	at org.testng.internal.TestMethodWorker.run(TestMethodWorker.java:111)
	at org.testng.TestRunner.privateRun(TestRunner.java:767)
	at org.testng.TestRunner.run(TestRunner.java:617)
	at org.testng.SuiteRunner.runTest(SuiteRunner.java:334)
	at org.testng.SuiteRunner.runSequentially(SuiteRunner.java:329)
	at org.testng.SuiteRunner.privateRun(SuiteRunner.java:291)
	at org.testng.SuiteRunner.run(SuiteRunner.java:240)
	at org.testng.SuiteRunnerWorker.runSuite(SuiteRunnerWorker.java:52)
	at org.testng.SuiteRunnerWorker.run(SuiteRunnerWorker.java:86)
	at org.testng.TestNG.runSuitesSequentially(TestNG.java:1198)
	at org.testng.TestNG.runSuitesLocally(TestNG.java:1123)
	at org.testng.TestNG.run(TestNG.java:1031)
	at org.testng.remote.AbstractRemoteTestNG.run(AbstractRemoteTestNG.java:114)
	at org.testng.remote.RemoteTestNG.initAndRun(RemoteTestNG.java:251)
	at org.testng.remote.RemoteTestNG.main(RemoteTestNG.java:77)
]]>
            </full-stacktrace>
          </exception> <!-- org.testng.SkipException -->
          <reporter-output>
          </reporter-output>
        </test-method> <!-- labelsLanguageTestInPreferenceAutoRulesTab -->
        <test-method status="SKIP" signature="labelsLanguageTestInPreferenceMessageFilterTab()[pri:0, instance:com.webmailhostopia.tests.WebMailHostpiaRegressionTests@55433567]" name="labelsLanguageTestInPreferenceMessageFilterTab" duration-ms="10" started-at="2018-08-07T22:28:27Z" finished-at="2018-08-07T22:28:27Z">
          <exception class="org.testng.SkipException">
            <message>
              <![CDATA[Skipped test case : labelsLanguageTestInPreferenceMessageFilterTab]]>
            </message>
            <full-stacktrace>
              <![CDATA[org.testng.SkipException: Skipped test case : labelsLanguageTestInPreferenceMessageFilterTab
	at com.webmailhostopia.tests.WebMailHostpiaRegressionTests.labelsLanguageTestInPreferenceMessageFilterTab(WebMailHostpiaRegressionTests.java:398)
	at sun.reflect.NativeMethodAccessorImpl.invoke0(Native Method)
	at sun.reflect.NativeMethodAccessorImpl.invoke(NativeMethodAccessorImpl.java:57)
	at sun.reflect.DelegatingMethodAccessorImpl.invoke(DelegatingMethodAccessorImpl.java:43)
	at java.lang.reflect.Method.invoke(Method.java:601)
	at org.testng.internal.MethodInvocationHelper.invokeMethod(MethodInvocationHelper.java:80)
	at org.testng.internal.Invoker.invokeMethod(Invoker.java:714)
	at org.testng.internal.Invoker.invokeTestMethod(Invoker.java:901)
	at org.testng.internal.Invoker.invokeTestMethods(Invoker.java:1231)
	at org.testng.internal.TestMethodWorker.invokeTestMethods(TestMethodWorker.java:127)
	at org.testng.internal.TestMethodWorker.run(TestMethodWorker.java:111)
	at org.testng.TestRunner.privateRun(TestRunner.java:767)
	at org.testng.TestRunner.run(TestRunner.java:617)
	at org.testng.SuiteRunner.runTest(SuiteRunner.java:334)
	at org.testng.SuiteRunner.runSequentially(SuiteRunner.java:329)
	at org.testng.SuiteRunner.privateRun(SuiteRunner.java:291)
	at org.testng.SuiteRunner.run(SuiteRunner.java:240)
	at org.testng.SuiteRunnerWorker.runSuite(SuiteRunnerWorker.java:52)
	at org.testng.SuiteRunnerWorker.run(SuiteRunnerWorker.java:86)
	at org.testng.TestNG.runSuitesSequentially(TestNG.java:1198)
	at org.testng.TestNG.runSuitesLocally(TestNG.java:1123)
	at org.testng.TestNG.run(TestNG.java:1031)
	at org.testng.remote.AbstractRemoteTestNG.run(AbstractRemoteTestNG.java:114)
	at org.testng.remote.RemoteTestNG.initAndRun(RemoteTestNG.java:251)
	at org.testng.remote.RemoteTestNG.main(RemoteTestNG.java:77)
]]>
            </full-stacktrace>
          </exception> <!-- org.testng.SkipException -->
          <reporter-output>
          </reporter-output>
        </test-method> <!-- labelsLanguageTestInPreferenceMessageFilterTab -->
        <test-method status="SKIP" signature="labelsLanguageTestInPreferenceSignaturesTab()[pri:0, instance:com.webmailhostopia.tests.WebMailHostpiaRegressionTests@55433567]" name="labelsLanguageTestInPreferenceSignaturesTab" duration-ms="9" started-at="2018-08-07T22:28:27Z" finished-at="2018-08-07T22:28:27Z">
          <exception class="org.testng.SkipException">
            <message>
              <![CDATA[Skipped test case : labelsLanguageTestInPreferenceSignaturesTab]]>
            </message>
            <full-stacktrace>
              <![CDATA[org.testng.SkipException: Skipped test case : labelsLanguageTestInPreferenceSignaturesTab
	at com.webmailhostopia.tests.WebMailHostpiaRegressionTests.labelsLanguageTestInPreferenceSignaturesTab(WebMailHostpiaRegressionTests.java:414)
	at sun.reflect.NativeMethodAccessorImpl.invoke0(Native Method)
	at sun.reflect.NativeMethodAccessorImpl.invoke(NativeMethodAccessorImpl.java:57)
	at sun.reflect.DelegatingMethodAccessorImpl.invoke(DelegatingMethodAccessorImpl.java:43)
	at java.lang.reflect.Method.invoke(Method.java:601)
	at org.testng.internal.MethodInvocationHelper.invokeMethod(MethodInvocationHelper.java:80)
	at org.testng.internal.Invoker.invokeMethod(Invoker.java:714)
	at org.testng.internal.Invoker.invokeTestMethod(Invoker.java:901)
	at org.testng.internal.Invoker.invokeTestMethods(Invoker.java:1231)
	at org.testng.internal.TestMethodWorker.invokeTestMethods(TestMethodWorker.java:127)
	at org.testng.internal.TestMethodWorker.run(TestMethodWorker.java:111)
	at org.testng.TestRunner.privateRun(TestRunner.java:767)
	at org.testng.TestRunner.run(TestRunner.java:617)
	at org.testng.SuiteRunner.runTest(SuiteRunner.java:334)
	at org.testng.SuiteRunner.runSequentially(SuiteRunner.java:329)
	at org.testng.SuiteRunner.privateRun(SuiteRunner.java:291)
	at org.testng.SuiteRunner.run(SuiteRunner.java:240)
	at org.testng.SuiteRunnerWorker.runSuite(SuiteRunnerWorker.java:52)
	at org.testng.SuiteRunnerWorker.run(SuiteRunnerWorker.java:86)
	at org.testng.TestNG.runSuitesSequentially(TestNG.java:1198)
	at org.testng.TestNG.runSuitesLocally(TestNG.java:1123)
	at org.testng.TestNG.run(TestNG.java:1031)
	at org.testng.remote.AbstractRemoteTestNG.run(AbstractRemoteTestNG.java:114)
	at org.testng.remote.RemoteTestNG.initAndRun(RemoteTestNG.java:251)
	at org.testng.remote.RemoteTestNG.main(RemoteTestNG.java:77)
]]>
            </full-stacktrace>
          </exception> <!-- org.testng.SkipException -->
          <reporter-output>
          </reporter-output>
        </test-method> <!-- labelsLanguageTestInPreferenceSignaturesTab -->
        <test-method status="SKIP" signature="labelsLanguageTestInPreferenceHighlightingTab()[pri:0, instance:com.webmailhostopia.tests.WebMailHostpiaRegressionTests@55433567]" name="labelsLanguageTestInPreferenceHighlightingTab" duration-ms="8" started-at="2018-08-07T22:28:27Z" finished-at="2018-08-07T22:28:27Z">
          <exception class="org.testng.SkipException">
            <message>
              <![CDATA[Skipped test case : labelsLanguageTestInPreferenceHighlightingTab]]>
            </message>
            <full-stacktrace>
              <![CDATA[org.testng.SkipException: Skipped test case : labelsLanguageTestInPreferenceHighlightingTab
	at com.webmailhostopia.tests.WebMailHostpiaRegressionTests.labelsLanguageTestInPreferenceHighlightingTab(WebMailHostpiaRegressionTests.java:429)
	at sun.reflect.NativeMethodAccessorImpl.invoke0(Native Method)
	at sun.reflect.NativeMethodAccessorImpl.invoke(NativeMethodAccessorImpl.java:57)
	at sun.reflect.DelegatingMethodAccessorImpl.invoke(DelegatingMethodAccessorImpl.java:43)
	at java.lang.reflect.Method.invoke(Method.java:601)
	at org.testng.internal.MethodInvocationHelper.invokeMethod(MethodInvocationHelper.java:80)
	at org.testng.internal.Invoker.invokeMethod(Invoker.java:714)
	at org.testng.internal.Invoker.invokeTestMethod(Invoker.java:901)
	at org.testng.internal.Invoker.invokeTestMethods(Invoker.java:1231)
	at org.testng.internal.TestMethodWorker.invokeTestMethods(TestMethodWorker.java:127)
	at org.testng.internal.TestMethodWorker.run(TestMethodWorker.java:111)
	at org.testng.TestRunner.privateRun(TestRunner.java:767)
	at org.testng.TestRunner.run(TestRunner.java:617)
	at org.testng.SuiteRunner.runTest(SuiteRunner.java:334)
	at org.testng.SuiteRunner.runSequentially(SuiteRunner.java:329)
	at org.testng.SuiteRunner.privateRun(SuiteRunner.java:291)
	at org.testng.SuiteRunner.run(SuiteRunner.java:240)
	at org.testng.SuiteRunnerWorker.runSuite(SuiteRunnerWorker.java:52)
	at org.testng.SuiteRunnerWorker.run(SuiteRunnerWorker.java:86)
	at org.testng.TestNG.runSuitesSequentially(TestNG.java:1198)
	at org.testng.TestNG.runSuitesLocally(TestNG.java:1123)
	at org.testng.TestNG.run(TestNG.java:1031)
	at org.testng.remote.AbstractRemoteTestNG.run(AbstractRemoteTestNG.java:114)
	at org.testng.remote.RemoteTestNG.initAndRun(RemoteTestNG.java:251)
	at org.testng.remote.RemoteTestNG.main(RemoteTestNG.java:77)
]]>
            </full-stacktrace>
          </exception> <!-- org.testng.SkipException -->
          <reporter-output>
          </reporter-output>
        </test-method> <!-- labelsLanguageTestInPreferenceHighlightingTab -->
        <test-method status="SKIP" signature="labelsLanguageTestInPreferenceImageRulesTab()[pri:0, instance:com.webmailhostopia.tests.WebMailHostpiaRegressionTests@55433567]" name="labelsLanguageTestInPreferenceImageRulesTab" duration-ms="9" started-at="2018-08-07T22:28:27Z" finished-at="2018-08-07T22:28:27Z">
          <exception class="org.testng.SkipException">
            <message>
              <![CDATA[Skipped test case : labelsLanguageTestInPreferenceImageRulesTab]]>
            </message>
            <full-stacktrace>
              <![CDATA[org.testng.SkipException: Skipped test case : labelsLanguageTestInPreferenceImageRulesTab
	at com.webmailhostopia.tests.WebMailHostpiaRegressionTests.labelsLanguageTestInPreferenceImageRulesTab(WebMailHostpiaRegressionTests.java:444)
	at sun.reflect.NativeMethodAccessorImpl.invoke0(Native Method)
	at sun.reflect.NativeMethodAccessorImpl.invoke(NativeMethodAccessorImpl.java:57)
	at sun.reflect.DelegatingMethodAccessorImpl.invoke(DelegatingMethodAccessorImpl.java:43)
	at java.lang.reflect.Method.invoke(Method.java:601)
	at org.testng.internal.MethodInvocationHelper.invokeMethod(MethodInvocationHelper.java:80)
	at org.testng.internal.Invoker.invokeMethod(Invoker.java:714)
	at org.testng.internal.Invoker.invokeTestMethod(Invoker.java:901)
	at org.testng.internal.Invoker.invokeTestMethods(Invoker.java:1231)
	at org.testng.internal.TestMethodWorker.invokeTestMethods(TestMethodWorker.java:127)
	at org.testng.internal.TestMethodWorker.run(TestMethodWorker.java:111)
	at org.testng.TestRunner.privateRun(TestRunner.java:767)
	at org.testng.TestRunner.run(TestRunner.java:617)
	at org.testng.SuiteRunner.runTest(SuiteRunner.java:334)
	at org.testng.SuiteRunner.runSequentially(SuiteRunner.java:329)
	at org.testng.SuiteRunner.privateRun(SuiteRunner.java:291)
	at org.testng.SuiteRunner.run(SuiteRunner.java:240)
	at org.testng.SuiteRunnerWorker.runSuite(SuiteRunnerWorker.java:52)
	at org.testng.SuiteRunnerWorker.run(SuiteRunnerWorker.java:86)
	at org.testng.TestNG.runSuitesSequentially(TestNG.java:1198)
	at org.testng.TestNG.runSuitesLocally(TestNG.java:1123)
	at org.testng.TestNG.run(TestNG.java:1031)
	at org.testng.remote.AbstractRemoteTestNG.run(AbstractRemoteTestNG.java:114)
	at org.testng.remote.RemoteTestNG.initAndRun(RemoteTestNG.java:251)
	at org.testng.remote.RemoteTestNG.main(RemoteTestNG.java:77)
]]>
            </full-stacktrace>
          </exception> <!-- org.testng.SkipException -->
          <reporter-output>
          </reporter-output>
        </test-method> <!-- labelsLanguageTestInPreferenceImageRulesTab -->
        <test-method status="SKIP" signature="labelsLanguageTestInPreferenceDataUsageTab()[pri:0, instance:com.webmailhostopia.tests.WebMailHostpiaRegressionTests@55433567]" name="labelsLanguageTestInPreferenceDataUsageTab" duration-ms="9" started-at="2018-08-07T22:28:27Z" finished-at="2018-08-07T22:28:27Z">
          <exception class="org.testng.SkipException">
            <message>
              <![CDATA[Skipped test case : labelsLanguageTestInPreferenceDataUsageTab]]>
            </message>
            <full-stacktrace>
              <![CDATA[org.testng.SkipException: Skipped test case : labelsLanguageTestInPreferenceDataUsageTab
	at com.webmailhostopia.tests.WebMailHostpiaRegressionTests.labelsLanguageTestInPreferenceDataUsageTab(WebMailHostpiaRegressionTests.java:460)
	at sun.reflect.NativeMethodAccessorImpl.invoke0(Native Method)
	at sun.reflect.NativeMethodAccessorImpl.invoke(NativeMethodAccessorImpl.java:57)
	at sun.reflect.DelegatingMethodAccessorImpl.invoke(DelegatingMethodAccessorImpl.java:43)
	at java.lang.reflect.Method.invoke(Method.java:601)
	at org.testng.internal.MethodInvocationHelper.invokeMethod(MethodInvocationHelper.java:80)
	at org.testng.internal.Invoker.invokeMethod(Invoker.java:714)
	at org.testng.internal.Invoker.invokeTestMethod(Invoker.java:901)
	at org.testng.internal.Invoker.invokeTestMethods(Invoker.java:1231)
	at org.testng.internal.TestMethodWorker.invokeTestMethods(TestMethodWorker.java:127)
	at org.testng.internal.TestMethodWorker.run(TestMethodWorker.java:111)
	at org.testng.TestRunner.privateRun(TestRunner.java:767)
	at org.testng.TestRunner.run(TestRunner.java:617)
	at org.testng.SuiteRunner.runTest(SuiteRunner.java:334)
	at org.testng.SuiteRunner.runSequentially(SuiteRunner.java:329)
	at org.testng.SuiteRunner.privateRun(SuiteRunner.java:291)
	at org.testng.SuiteRunner.run(SuiteRunner.java:240)
	at org.testng.SuiteRunnerWorker.runSuite(SuiteRunnerWorker.java:52)
	at org.testng.SuiteRunnerWorker.run(SuiteRunnerWorker.java:86)
	at org.testng.TestNG.runSuitesSequentially(TestNG.java:1198)
	at org.testng.TestNG.runSuitesLocally(TestNG.java:1123)
	at org.testng.TestNG.run(TestNG.java:1031)
	at org.testng.remote.AbstractRemoteTestNG.run(AbstractRemoteTestNG.java:114)
	at org.testng.remote.RemoteTestNG.initAndRun(RemoteTestNG.java:251)
	at org.testng.remote.RemoteTestNG.main(RemoteTestNG.java:77)
]]>
            </full-stacktrace>
          </exception> <!-- org.testng.SkipException -->
          <reporter-output>
          </reporter-output>
        </test-method> <!-- labelsLanguageTestInPreferenceDataUsageTab -->
        <test-method status="SKIP" signature="labelsLanguageTestInPreferenceCalendarGeneralTab()[pri:0, instance:com.webmailhostopia.tests.WebMailHostpiaRegressionTests@55433567]" name="labelsLanguageTestInPreferenceCalendarGeneralTab" duration-ms="11" started-at="2018-08-07T22:28:27Z" finished-at="2018-08-07T22:28:27Z">
          <exception class="org.testng.SkipException">
            <message>
              <![CDATA[Skipped test case : labelsLanguageTestInPreferenceCalendarGeneralTab]]>
            </message>
            <full-stacktrace>
              <![CDATA[org.testng.SkipException: Skipped test case : labelsLanguageTestInPreferenceCalendarGeneralTab
	at com.webmailhostopia.tests.WebMailHostpiaRegressionTests.labelsLanguageTestInPreferenceCalendarGeneralTab(WebMailHostpiaRegressionTests.java:475)
	at sun.reflect.NativeMethodAccessorImpl.invoke0(Native Method)
	at sun.reflect.NativeMethodAccessorImpl.invoke(NativeMethodAccessorImpl.java:57)
	at sun.reflect.DelegatingMethodAccessorImpl.invoke(DelegatingMethodAccessorImpl.java:43)
	at java.lang.reflect.Method.invoke(Method.java:601)
	at org.testng.internal.MethodInvocationHelper.invokeMethod(MethodInvocationHelper.java:80)
	at org.testng.internal.Invoker.invokeMethod(Invoker.java:714)
	at org.testng.internal.Invoker.invokeTestMethod(Invoker.java:901)
	at org.testng.internal.Invoker.invokeTestMethods(Invoker.java:1231)
	at org.testng.internal.TestMethodWorker.invokeTestMethods(TestMethodWorker.java:127)
	at org.testng.internal.TestMethodWorker.run(TestMethodWorker.java:111)
	at org.testng.TestRunner.privateRun(TestRunner.java:767)
	at org.testng.TestRunner.run(TestRunner.java:617)
	at org.testng.SuiteRunner.runTest(SuiteRunner.java:334)
	at org.testng.SuiteRunner.runSequentially(SuiteRunner.java:329)
	at org.testng.SuiteRunner.privateRun(SuiteRunner.java:291)
	at org.testng.SuiteRunner.run(SuiteRunner.java:240)
	at org.testng.SuiteRunnerWorker.runSuite(SuiteRunnerWorker.java:52)
	at org.testng.SuiteRunnerWorker.run(SuiteRunnerWorker.java:86)
	at org.testng.TestNG.runSuitesSequentially(TestNG.java:1198)
	at org.testng.TestNG.runSuitesLocally(TestNG.java:1123)
	at org.testng.TestNG.run(TestNG.java:1031)
	at org.testng.remote.AbstractRemoteTestNG.run(AbstractRemoteTestNG.java:114)
	at org.testng.remote.RemoteTestNG.initAndRun(RemoteTestNG.java:251)
	at org.testng.remote.RemoteTestNG.main(RemoteTestNG.java:77)
]]>
            </full-stacktrace>
          </exception> <!-- org.testng.SkipException -->
          <reporter-output>
          </reporter-output>
        </test-method> <!-- labelsLanguageTestInPreferenceCalendarGeneralTab -->
        <test-method status="SKIP" signature="labelsLanguageTestInPreferenceMobileGeneralTab()[pri:0, instance:com.webmailhostopia.tests.WebMailHostpiaRegressionTests@55433567]" name="labelsLanguageTestInPreferenceMobileGeneralTab" duration-ms="9" started-at="2018-08-07T22:28:27Z" finished-at="2018-08-07T22:28:27Z">
          <exception class="org.testng.SkipException">
            <message>
              <![CDATA[Skipped test case : labelsLanguageTestInPreferenceMobileGeneralTab]]>
            </message>
            <full-stacktrace>
              <![CDATA[org.testng.SkipException: Skipped test case : labelsLanguageTestInPreferenceMobileGeneralTab
	at com.webmailhostopia.tests.WebMailHostpiaRegressionTests.labelsLanguageTestInPreferenceMobileGeneralTab(WebMailHostpiaRegressionTests.java:490)
	at sun.reflect.NativeMethodAccessorImpl.invoke0(Native Method)
	at sun.reflect.NativeMethodAccessorImpl.invoke(NativeMethodAccessorImpl.java:57)
	at sun.reflect.DelegatingMethodAccessorImpl.invoke(DelegatingMethodAccessorImpl.java:43)
	at java.lang.reflect.Method.invoke(Method.java:601)
	at org.testng.internal.MethodInvocationHelper.invokeMethod(MethodInvocationHelper.java:80)
	at org.testng.internal.Invoker.invokeMethod(Invoker.java:714)
	at org.testng.internal.Invoker.invokeTestMethod(Invoker.java:901)
	at org.testng.internal.Invoker.invokeTestMethods(Invoker.java:1231)
	at org.testng.internal.TestMethodWorker.invokeTestMethods(TestMethodWorker.java:127)
	at org.testng.internal.TestMethodWorker.run(TestMethodWorker.java:111)
	at org.testng.TestRunner.privateRun(TestRunner.java:767)
	at org.testng.TestRunner.run(TestRunner.java:617)
	at org.testng.SuiteRunner.runTest(SuiteRunner.java:334)
	at org.testng.SuiteRunner.runSequentially(SuiteRunner.java:329)
	at org.testng.SuiteRunner.privateRun(SuiteRunner.java:291)
	at org.testng.SuiteRunner.run(SuiteRunner.java:240)
	at org.testng.SuiteRunnerWorker.runSuite(SuiteRunnerWorker.java:52)
	at org.testng.SuiteRunnerWorker.run(SuiteRunnerWorker.java:86)
	at org.testng.TestNG.runSuitesSequentially(TestNG.java:1198)
	at org.testng.TestNG.runSuitesLocally(TestNG.java:1123)
	at org.testng.TestNG.run(TestNG.java:1031)
	at org.testng.remote.AbstractRemoteTestNG.run(AbstractRemoteTestNG.java:114)
	at org.testng.remote.RemoteTestNG.initAndRun(RemoteTestNG.java:251)
	at org.testng.remote.RemoteTestNG.main(RemoteTestNG.java:77)
]]>
            </full-stacktrace>
          </exception> <!-- org.testng.SkipException -->
          <reporter-output>
          </reporter-output>
        </test-method> <!-- labelsLanguageTestInPreferenceMobileGeneralTab -->
        <test-method status="SKIP" signature="labelsLanguageTestInPreferencePopImapTab()[pri:0, instance:com.webmailhostopia.tests.WebMailHostpiaRegressionTests@55433567]" name="labelsLanguageTestInPreferencePopImapTab" duration-ms="8" started-at="2018-08-07T22:28:27Z" finished-at="2018-08-07T22:28:27Z">
          <exception class="org.testng.SkipException">
            <message>
              <![CDATA[Skipped test case : labelsLanguageTestInPreferenceMobileGeneralTab]]>
            </message>
            <full-stacktrace>
              <![CDATA[org.testng.SkipException: Skipped test case : labelsLanguageTestInPreferenceMobileGeneralTab
	at com.webmailhostopia.tests.WebMailHostpiaRegressionTests.labelsLanguageTestInPreferencePopImapTab(WebMailHostpiaRegressionTests.java:505)
	at sun.reflect.NativeMethodAccessorImpl.invoke0(Native Method)
	at sun.reflect.NativeMethodAccessorImpl.invoke(NativeMethodAccessorImpl.java:57)
	at sun.reflect.DelegatingMethodAccessorImpl.invoke(DelegatingMethodAccessorImpl.java:43)
	at java.lang.reflect.Method.invoke(Method.java:601)
	at org.testng.internal.MethodInvocationHelper.invokeMethod(MethodInvocationHelper.java:80)
	at org.testng.internal.Invoker.invokeMethod(Invoker.java:714)
	at org.testng.internal.Invoker.invokeTestMethod(Invoker.java:901)
	at org.testng.internal.Invoker.invokeTestMethods(Invoker.java:1231)
	at org.testng.internal.TestMethodWorker.invokeTestMethods(TestMethodWorker.java:127)
	at org.testng.internal.TestMethodWorker.run(TestMethodWorker.java:111)
	at org.testng.TestRunner.privateRun(TestRunner.java:767)
	at org.testng.TestRunner.run(TestRunner.java:617)
	at org.testng.SuiteRunner.runTest(SuiteRunner.java:334)
	at org.testng.SuiteRunner.runSequentially(SuiteRunner.java:329)
	at org.testng.SuiteRunner.privateRun(SuiteRunner.java:291)
	at org.testng.SuiteRunner.run(SuiteRunner.java:240)
	at org.testng.SuiteRunnerWorker.runSuite(SuiteRunnerWorker.java:52)
	at org.testng.SuiteRunnerWorker.run(SuiteRunnerWorker.java:86)
	at org.testng.TestNG.runSuitesSequentially(TestNG.java:1198)
	at org.testng.TestNG.runSuitesLocally(TestNG.java:1123)
	at org.testng.TestNG.run(TestNG.java:1031)
	at org.testng.remote.AbstractRemoteTestNG.run(AbstractRemoteTestNG.java:114)
	at org.testng.remote.RemoteTestNG.initAndRun(RemoteTestNG.java:251)
	at org.testng.remote.RemoteTestNG.main(RemoteTestNG.java:77)
]]>
            </full-stacktrace>
          </exception> <!-- org.testng.SkipException -->
          <reporter-output>
          </reporter-output>
        </test-method> <!-- labelsLanguageTestInPreferencePopImapTab -->
        <test-method status="SKIP" signature="labelsLanguageTestInPreferencePGPKeysTab()[pri:0, instance:com.webmailhostopia.tests.WebMailHostpiaRegressionTests@55433567]" name="labelsLanguageTestInPreferencePGPKeysTab" duration-ms="10" started-at="2018-08-07T22:28:27Z" finished-at="2018-08-07T22:28:27Z">
          <exception class="org.testng.SkipException">
            <message>
              <![CDATA[Skipped test case : labelsLanguageTestInPreferenceMobileGeneralTab]]>
            </message>
            <full-stacktrace>
              <![CDATA[org.testng.SkipException: Skipped test case : labelsLanguageTestInPreferenceMobileGeneralTab
	at com.webmailhostopia.tests.WebMailHostpiaRegressionTests.labelsLanguageTestInPreferencePGPKeysTab(WebMailHostpiaRegressionTests.java:520)
	at sun.reflect.NativeMethodAccessorImpl.invoke0(Native Method)
	at sun.reflect.NativeMethodAccessorImpl.invoke(NativeMethodAccessorImpl.java:57)
	at sun.reflect.DelegatingMethodAccessorImpl.invoke(DelegatingMethodAccessorImpl.java:43)
	at java.lang.reflect.Method.invoke(Method.java:601)
	at org.testng.internal.MethodInvocationHelper.invokeMethod(MethodInvocationHelper.java:80)
	at org.testng.internal.Invoker.invokeMethod(Invoker.java:714)
	at org.testng.internal.Invoker.invokeTestMethod(Invoker.java:901)
	at org.testng.internal.Invoker.invokeTestMethods(Invoker.java:1231)
	at org.testng.internal.TestMethodWorker.invokeTestMethods(TestMethodWorker.java:127)
	at org.testng.internal.TestMethodWorker.run(TestMethodWorker.java:111)
	at org.testng.TestRunner.privateRun(TestRunner.java:767)
	at org.testng.TestRunner.run(TestRunner.java:617)
	at org.testng.SuiteRunner.runTest(SuiteRunner.java:334)
	at org.testng.SuiteRunner.runSequentially(SuiteRunner.java:329)
	at org.testng.SuiteRunner.privateRun(SuiteRunner.java:291)
	at org.testng.SuiteRunner.run(SuiteRunner.java:240)
	at org.testng.SuiteRunnerWorker.runSuite(SuiteRunnerWorker.java:52)
	at org.testng.SuiteRunnerWorker.run(SuiteRunnerWorker.java:86)
	at org.testng.TestNG.runSuitesSequentially(TestNG.java:1198)
	at org.testng.TestNG.runSuitesLocally(TestNG.java:1123)
	at org.testng.TestNG.run(TestNG.java:1031)
	at org.testng.remote.AbstractRemoteTestNG.run(AbstractRemoteTestNG.java:114)
	at org.testng.remote.RemoteTestNG.initAndRun(RemoteTestNG.java:251)
	at org.testng.remote.RemoteTestNG.main(RemoteTestNG.java:77)
]]>
            </full-stacktrace>
          </exception> <!-- org.testng.SkipException -->
          <reporter-output>
          </reporter-output>
        </test-method> <!-- labelsLanguageTestInPreferencePGPKeysTab -->
        <test-method status="SKIP" signature="verifylougtnloginSectionLabels()[pri:0, instance:com.webmailhostopia.tests.WebMailHostpiaRegressionTests@55433567]" name="verifylougtnloginSectionLabels" duration-ms="9" started-at="2018-08-07T22:28:27Z" description="This is Logout Section Verification method" finished-at="2018-08-07T22:28:27Z">
          <exception class="org.testng.SkipException">
            <message>
              <![CDATA[Skipped test case : verifylougtnloginSectionLabels]]>
            </message>
            <full-stacktrace>
              <![CDATA[org.testng.SkipException: Skipped test case : verifylougtnloginSectionLabels
	at com.webmailhostopia.tests.WebMailHostpiaRegressionTests.verifylougtnloginSectionLabels(WebMailHostpiaRegressionTests.java:536)
	at sun.reflect.NativeMethodAccessorImpl.invoke0(Native Method)
	at sun.reflect.NativeMethodAccessorImpl.invoke(NativeMethodAccessorImpl.java:57)
	at sun.reflect.DelegatingMethodAccessorImpl.invoke(DelegatingMethodAccessorImpl.java:43)
	at java.lang.reflect.Method.invoke(Method.java:601)
	at org.testng.internal.MethodInvocationHelper.invokeMethod(MethodInvocationHelper.java:80)
	at org.testng.internal.Invoker.invokeMethod(Invoker.java:714)
	at org.testng.internal.Invoker.invokeTestMethod(Invoker.java:901)
	at org.testng.internal.Invoker.invokeTestMethods(Invoker.java:1231)
	at org.testng.internal.TestMethodWorker.invokeTestMethods(TestMethodWorker.java:127)
	at org.testng.internal.TestMethodWorker.run(TestMethodWorker.java:111)
	at org.testng.TestRunner.privateRun(TestRunner.java:767)
	at org.testng.TestRunner.run(TestRunner.java:617)
	at org.testng.SuiteRunner.runTest(SuiteRunner.java:334)
	at org.testng.SuiteRunner.runSequentially(SuiteRunner.java:329)
	at org.testng.SuiteRunner.privateRun(SuiteRunner.java:291)
	at org.testng.SuiteRunner.run(SuiteRunner.java:240)
	at org.testng.SuiteRunnerWorker.runSuite(SuiteRunnerWorker.java:52)
	at org.testng.SuiteRunnerWorker.run(SuiteRunnerWorker.java:86)
	at org.testng.TestNG.runSuitesSequentially(TestNG.java:1198)
	at org.testng.TestNG.runSuitesLocally(TestNG.java:1123)
	at org.testng.TestNG.run(TestNG.java:1031)
	at org.testng.remote.AbstractRemoteTestNG.run(AbstractRemoteTestNG.java:114)
	at org.testng.remote.RemoteTestNG.initAndRun(RemoteTestNG.java:251)
	at org.testng.remote.RemoteTestNG.main(RemoteTestNG.java:77)
]]>
            </full-stacktrace>
          </exception> <!-- org.testng.SkipException -->
          <reporter-output>
          </reporter-output>
        </test-method> <!-- verifylougtnloginSectionLabels -->
        <test-method status="SKIP" signature="verifyLoginPageMessageLabels()[pri:0, instance:com.webmailhostopia.tests.WebMailHostpiaRegressionTests@55433567]" name="verifyLoginPageMessageLabels" duration-ms="9" started-at="2018-08-07T22:28:27Z" description="This is Login Section Verification method" finished-at="2018-08-07T22:28:27Z">
          <exception class="org.testng.SkipException">
            <message>
              <![CDATA[Skipped test case : verifyLoginPageMessageLabels]]>
            </message>
            <full-stacktrace>
              <![CDATA[org.testng.SkipException: Skipped test case : verifyLoginPageMessageLabels
	at com.webmailhostopia.tests.WebMailHostpiaRegressionTests.verifyLoginPageMessageLabels(WebMailHostpiaRegressionTests.java:551)
	at sun.reflect.NativeMethodAccessorImpl.invoke0(Native Method)
	at sun.reflect.NativeMethodAccessorImpl.invoke(NativeMethodAccessorImpl.java:57)
	at sun.reflect.DelegatingMethodAccessorImpl.invoke(DelegatingMethodAccessorImpl.java:43)
	at java.lang.reflect.Method.invoke(Method.java:601)
	at org.testng.internal.MethodInvocationHelper.invokeMethod(MethodInvocationHelper.java:80)
	at org.testng.internal.Invoker.invokeMethod(Invoker.java:714)
	at org.testng.internal.Invoker.invokeTestMethod(Invoker.java:901)
	at org.testng.internal.Invoker.invokeTestMethods(Invoker.java:1231)
	at org.testng.internal.TestMethodWorker.invokeTestMethods(TestMethodWorker.java:127)
	at org.testng.internal.TestMethodWorker.run(TestMethodWorker.java:111)
	at org.testng.TestRunner.privateRun(TestRunner.java:767)
	at org.testng.TestRunner.run(TestRunner.java:617)
	at org.testng.SuiteRunner.runTest(SuiteRunner.java:334)
	at org.testng.SuiteRunner.runSequentially(SuiteRunner.java:329)
	at org.testng.SuiteRunner.privateRun(SuiteRunner.java:291)
	at org.testng.SuiteRunner.run(SuiteRunner.java:240)
	at org.testng.SuiteRunnerWorker.runSuite(SuiteRunnerWorker.java:52)
	at org.testng.SuiteRunnerWorker.run(SuiteRunnerWorker.java:86)
	at org.testng.TestNG.runSuitesSequentially(TestNG.java:1198)
	at org.testng.TestNG.runSuitesLocally(TestNG.java:1123)
	at org.testng.TestNG.run(TestNG.java:1031)
	at org.testng.remote.AbstractRemoteTestNG.run(AbstractRemoteTestNG.java:114)
	at org.testng.remote.RemoteTestNG.initAndRun(RemoteTestNG.java:251)
	at org.testng.remote.RemoteTestNG.main(RemoteTestNG.java:77)
]]>
            </full-stacktrace>
          </exception> <!-- org.testng.SkipException -->
          <reporter-output>
          </reporter-output>
        </test-method> <!-- verifyLoginPageMessageLabels -->
        <test-method status="SKIP" signature="verifyForgotPageSectionLabels()[pri:0, instance:com.webmailhostopia.tests.WebMailHostpiaRegressionTests@55433567]" name="verifyForgotPageSectionLabels" duration-ms="12" started-at="2018-08-07T22:28:27Z" description="This is Forgot Section Verification method" finished-at="2018-08-07T22:28:27Z">
          <exception class="org.testng.SkipException">
            <message>
              <![CDATA[Skipped test case : verifyForgotPageSectionLabels]]>
            </message>
            <full-stacktrace>
              <![CDATA[org.testng.SkipException: Skipped test case : verifyForgotPageSectionLabels
	at com.webmailhostopia.tests.WebMailHostpiaRegressionTests.verifyForgotPageSectionLabels(WebMailHostpiaRegressionTests.java:565)
	at sun.reflect.NativeMethodAccessorImpl.invoke0(Native Method)
	at sun.reflect.NativeMethodAccessorImpl.invoke(NativeMethodAccessorImpl.java:57)
	at sun.reflect.DelegatingMethodAccessorImpl.invoke(DelegatingMethodAccessorImpl.java:43)
	at java.lang.reflect.Method.invoke(Method.java:601)
	at org.testng.internal.MethodInvocationHelper.invokeMethod(MethodInvocationHelper.java:80)
	at org.testng.internal.Invoker.invokeMethod(Invoker.java:714)
	at org.testng.internal.Invoker.invokeTestMethod(Invoker.java:901)
	at org.testng.internal.Invoker.invokeTestMethods(Invoker.java:1231)
	at org.testng.internal.TestMethodWorker.invokeTestMethods(TestMethodWorker.java:127)
	at org.testng.internal.TestMethodWorker.run(TestMethodWorker.java:111)
	at org.testng.TestRunner.privateRun(TestRunner.java:767)
	at org.testng.TestRunner.run(TestRunner.java:617)
	at org.testng.SuiteRunner.runTest(SuiteRunner.java:334)
	at org.testng.SuiteRunner.runSequentially(SuiteRunner.java:329)
	at org.testng.SuiteRunner.privateRun(SuiteRunner.java:291)
	at org.testng.SuiteRunner.run(SuiteRunner.java:240)
	at org.testng.SuiteRunnerWorker.runSuite(SuiteRunnerWorker.java:52)
	at org.testng.SuiteRunnerWorker.run(SuiteRunnerWorker.java:86)
	at org.testng.TestNG.runSuitesSequentially(TestNG.java:1198)
	at org.testng.TestNG.runSuitesLocally(TestNG.java:1123)
	at org.testng.TestNG.run(TestNG.java:1031)
	at org.testng.remote.AbstractRemoteTestNG.run(AbstractRemoteTestNG.java:114)
	at org.testng.remote.RemoteTestNG.initAndRun(RemoteTestNG.java:251)
	at org.testng.remote.RemoteTestNG.main(RemoteTestNG.java:77)
]]>
            </full-stacktrace>
          </exception> <!-- org.testng.SkipException -->
          <reporter-output>
          </reporter-output>
        </test-method> <!-- verifyForgotPageSectionLabels -->
        <test-method status="PASS" signature="tearDown()[pri:0, instance:com.webmailhostopia.tests.WebMailHostpiaRegressionTests@55433567]" name="tearDown" is-config="true" duration-ms="5929" started-at="2018-08-07T22:28:27Z" finished-at="2018-08-07T22:28:33Z">
          <reporter-output>
          </reporter-output>
        </test-method> <!-- tearDown -->
      </class> <!-- com.webmailhostopia.tests.WebMailHostpiaRegressionTests -->
    </test> <!-- WebMailHostopiaRegressionTest -->
  </suite> <!-- WebMailHostopiaRegression -->
</testng-results>
